2024-04-06 00:47:00,486 [ERROR] LogOutputStream:75 - [STDERR_REDIRECT] Artifact repository out of sync. Overwriting C:\ST\STM32CubeIDE_1.14.1\STM32CubeIDE\plugins\com.st.stm32cube.common.mx_6.11.0.202403141607
2024-04-06 00:54:35,609 [INFO] Activator:176 - 


2024-04-06 00:54:35,612 [INFO] Activator:177 - !SESSION log4j initialized
2024-04-06 00:54:43,573 [INFO] LogOutputStream:77 - [STDOUT_REDIRECT] 
2024-04-06 00:54:46,928 [INFO] ApplicationProperties:184 - Using Application install path: C:\ST\STM32CubeIDE_1.14.1\STM32CubeIDE\plugins\com.st.stm32cube.common.mx_6.11.0.202403141607
2024-04-06 00:54:46,960 [INFO] DbMcusXml:78 - Set database path to: C:\ST\STM32CubeIDE_1.14.1\STM32CubeIDE\plugins\com.st.stm32cube.common.mx_6.11.0.202403141607\\db\/mcu/
2024-04-06 00:54:46,960 [INFO] ApiDb:274 - Set plugin database path to: C:\ST\STM32CubeIDE_1.14.1\STM32CubeIDE\plugins\com.st.stm32cube.common.mx_6.11.0.202403141607\\db\/plugins/boardmanager/
2024-04-06 00:54:46,961 [WARN] ApiDb:259 - Overriding images path with different value:  => C:\ST\STM32CubeIDE_1.14.1\STM32CubeIDE\plugins\com.st.stm32cube.common.mx_6.11.0.202403141607\\db\/plugins/mcufinder/images/
2024-04-06 00:54:46,970 [INFO] ApiDb:250 - Set database path to: C:\Users\BXT\.stmcufinder\plugins\mcufinder//mcu/
2024-04-06 00:54:46,972 [INFO] DbMcusAds:125 - Set database path to: C:\Users\BXT\.stmcufinder\plugins\mcufinder//mcu/
2024-04-06 00:54:47,557 [INFO] CrossReferenceDbSqlite:203 - Set database path to: C:\Users\BXT\.stmcufinder\plugins\mcufinder//mcu/cs/
2024-04-06 00:54:47,749 [INFO] RulesReader:64 - Compatibility file has been processed (297 Rules)
2024-04-06 00:54:47,863 [INFO] DbMcusXml:78 - Set database path to: C:\ST\STM32CubeIDE_1.14.1\STM32CubeIDE\plugins\com.st.stm32cube.common.mx_6.11.0.202403141607\\db\/mcu/
2024-04-06 00:54:47,863 [INFO] ApiDb:274 - Set plugin database path to: C:\ST\STM32CubeIDE_1.14.1\STM32CubeIDE\plugins\com.st.stm32cube.common.mx_6.11.0.202403141607\\db\/plugins/boardmanager/
2024-04-06 00:54:47,864 [INFO] ApiDb:261 - Set plugin images path to: C:\ST\STM32CubeIDE_1.14.1\STM32CubeIDE\plugins\com.st.stm32cube.common.mx_6.11.0.202403141607\\db\/plugins/mcufinder/images/
2024-04-06 00:54:47,864 [WARN] DbFile:41 - Overriding database path with different value: C:\Users\BXT\.stmcufinder\plugins\mcufinder/ => C:\Users\BXT\.stmcufinder\plugins\mcufinder
2024-04-06 00:54:47,864 [INFO] ApiDb:250 - Set database path to: C:\Users\BXT\.stmcufinder\plugins\mcufinder//mcu/
2024-04-06 00:54:47,864 [WARN] DbFile:41 - Overriding database path with different value: C:\Users\BXT\.stmcufinder\plugins\mcufinder/ => C:\Users\BXT\.stmcufinder\plugins\mcufinder
2024-04-06 00:54:47,864 [INFO] DbMcusAds:125 - Set database path to: C:\Users\BXT\.stmcufinder\plugins\mcufinder//mcu/
2024-04-06 00:54:47,864 [WARN] DbFile:41 - Overriding database path with different value: C:\Users\BXT\.stmcufinder\plugins\mcufinder/ => C:\Users\BXT\.stmcufinder\plugins\mcufinder
2024-04-06 00:54:47,865 [WARN] DbFile:41 - Overriding database path with different value: C:\Users\BXT\.stmcufinder\plugins\mcufinder/ => C:\Users\BXT\.stmcufinder\plugins\mcufinder
2024-04-06 00:54:48,550 [INFO] CrossReferenceDbSqlite:203 - Set database path to: C:\Users\BXT\.stmcufinder\plugins\mcufinder//mcu/cs/
2024-04-06 00:54:48,652 [INFO] MainPanel:264 - HeapMemory: 268435456
2024-04-06 00:54:48,742 [INFO] DbMcusXml:78 - Set database path to: C:\ST\STM32CubeIDE_1.14.1\STM32CubeIDE\plugins\com.st.stm32cube.common.mx_6.11.0.202403141607\\db\/mcu/
2024-04-06 00:54:48,743 [INFO] ApiDb:274 - Set plugin database path to: C:\ST\STM32CubeIDE_1.14.1\STM32CubeIDE\plugins\com.st.stm32cube.common.mx_6.11.0.202403141607\\db\/plugins/boardmanager/
2024-04-06 00:54:48,743 [INFO] ApiDb:261 - Set plugin images path to: C:\ST\STM32CubeIDE_1.14.1\STM32CubeIDE\plugins\com.st.stm32cube.common.mx_6.11.0.202403141607\\db\/plugins/mcufinder/images/
2024-04-06 00:54:48,745 [WARN] DbFile:41 - Overriding database path with different value: C:\Users\BXT\.stmcufinder\plugins\mcufinder/ => C:\Users\BXT\.stmcufinder\plugins\mcufinder
2024-04-06 00:54:48,745 [INFO] ApiDb:250 - Set database path to: C:\Users\BXT\.stmcufinder\plugins\mcufinder//mcu/
2024-04-06 00:54:48,745 [WARN] DbFile:41 - Overriding database path with different value: C:\Users\BXT\.stmcufinder\plugins\mcufinder/ => C:\Users\BXT\.stmcufinder\plugins\mcufinder
2024-04-06 00:54:48,745 [INFO] DbMcusAds:125 - Set database path to: C:\Users\BXT\.stmcufinder\plugins\mcufinder//mcu/
2024-04-06 00:54:48,745 [WARN] DbFile:41 - Overriding database path with different value: C:\Users\BXT\.stmcufinder\plugins\mcufinder/ => C:\Users\BXT\.stmcufinder\plugins\mcufinder
2024-04-06 00:54:48,745 [WARN] DbFile:41 - Overriding database path with different value: C:\Users\BXT\.stmcufinder\plugins\mcufinder/ => C:\Users\BXT\.stmcufinder\plugins\mcufinder
2024-04-06 00:54:49,543 [INFO] CrossReferenceDbSqlite:203 - Set database path to: C:\Users\BXT\.stmcufinder\plugins\mcufinder//mcu/cs/
2024-04-06 00:54:49,564 [INFO] ApplicationProperties:184 - Using Application install path: C:\ST\STM32CubeIDE_1.14.1\STM32CubeIDE\plugins\com.st.stm32cube.common.mx_6.11.0.202403141607
2024-04-06 00:54:49,566 [INFO] PluginManage:196 - Search for loadable plugins [exclusion list=, ]
2024-04-06 00:54:49,578 [INFO] PluginManage:310 - Check plugin analytics
2024-04-06 00:54:50,702 [INFO] AnalyticsPlugin:253 - Accepted Software Licenses: 
2024-04-06 00:54:50,702 [INFO] AnalyticsPlugin:255 - Accepted CMSIS Pack Licenses: 
2024-04-06 00:54:50,702 [INFO] AnalyticsPlugin:257 - Accepted Firmware Licenses: 
2024-04-06 00:54:50,710 [INFO] PluginManage:359 - Loaded plugin analytics (category:tool,tabindex:-1)
2024-04-06 00:54:50,711 [INFO] PluginManage:310 - Check plugin cadmodel
2024-04-06 00:54:50,720 [INFO] CADModel:105 - Init CAD model plugin
2024-04-06 00:54:50,720 [INFO] PluginManage:359 - Loaded plugin cadmodel (category:power,tabindex:5)
2024-04-06 00:54:50,721 [INFO] PluginManage:310 - Check plugin clock
2024-04-06 00:54:50,743 [INFO] PluginManage:359 - Loaded plugin clock (category:base,tabindex:2)
2024-04-06 00:54:50,744 [INFO] PluginManage:310 - Check plugin ddr
2024-04-06 00:54:50,748 [INFO] PluginManage:359 - Loaded plugin ddr (category:tool,tabindex:6)
2024-04-06 00:54:50,748 [INFO] PluginManage:310 - Check plugin filemanager
2024-04-06 00:54:50,936 [INFO] PluginManage:359 - Loaded plugin filemanager (category:base,tabindex:10)
2024-04-06 00:54:50,936 [INFO] PluginManage:310 - Check plugin ipmanager
2024-04-06 00:54:50,945 [INFO] PluginManage:359 - Loaded plugin ipmanager (category:base,tabindex:5)
2024-04-06 00:54:50,946 [INFO] PluginManage:310 - Check plugin lpbam
2024-04-06 00:54:50,956 [INFO] PluginManage:359 - Loaded plugin lpbam (category:base,tabindex:0)
2024-04-06 00:54:50,956 [INFO] PluginManage:310 - Check plugin memorymap
2024-04-06 00:54:50,969 [INFO] PluginManage:359 - Loaded plugin memorymap (category:base,tabindex:4)
2024-04-06 00:54:50,969 [INFO] PluginManage:310 - Check plugin pinoutandconfiguration
2024-04-06 00:54:50,977 [INFO] PluginManage:359 - Loaded plugin pinoutandconfiguration (category:base,tabindex:1)
2024-04-06 00:54:50,978 [INFO] PluginManage:310 - Check plugin pinoutconfig
2024-04-06 00:54:51,096 [WARN] SupportedApi:132 - Cannot load RTOS API schema: s4s-elt-must-match.1: The content of 'definitions' must match (annotation?, (simpleType | complexType)?, (unique | key | keyref)*)). A problem was found starting at: attribute.
2024-04-06 00:54:51,290 [INFO] PluginManage:359 - Loaded plugin pinoutconfig (category:base,tabindex:0)
2024-04-06 00:54:51,291 [INFO] PluginManage:310 - Check plugin power
2024-04-06 00:54:51,304 [INFO] PluginManage:359 - Loaded plugin power (category:power,tabindex:4)
2024-04-06 00:54:51,304 [INFO] PluginManage:310 - Check plugin projectmanager
2024-04-06 00:54:51,332 [INFO] PluginManage:359 - Loaded plugin projectmanager (category:projectmanager,tabindex:3)
2024-04-06 00:54:51,333 [INFO] PluginManage:310 - Check plugin thirdparty
2024-04-06 00:54:51,533 [INFO] PluginManage:359 - Loaded plugin thirdparty (category:base,tabindex:-1)
2024-04-06 00:54:51,533 [WARN] IntegrityCheckThread:84 - waiting for thirdparty lock release [integrity check]
2024-04-06 00:54:51,533 [INFO] PluginManage:310 - Check plugin tools
2024-04-06 00:54:51,533 [INFO] IntegrityCheckThread:86 - entering critical section [integrity check]
2024-04-06 00:54:51,534 [INFO] ThirdPartyUpdaterWithRetryManager:70 - Updater plugin not ready yet. [1/15]
2024-04-06 00:54:51,537 [INFO] PluginManage:359 - Loaded plugin tools (category:base,tabindex:7)
2024-04-06 00:54:51,537 [INFO] PluginManage:310 - Check plugin tutovideos
2024-04-06 00:54:51,756 [INFO] PluginManage:359 - Loaded plugin tutovideos (category:base,tabindex:-1)
2024-04-06 00:54:51,756 [INFO] PluginManage:310 - Check plugin updater
2024-04-06 00:54:51,771 [INFO] PluginManage:359 - Loaded plugin updater (category:base,tabindex:12)
2024-04-06 00:54:51,771 [INFO] PluginManage:310 - Check plugin userauth
2024-04-06 00:54:51,778 [INFO] UserAuth:114 - Init User Auth plugin
2024-04-06 00:54:51,778 [INFO] PluginManage:359 - Loaded plugin userauth (category:base,tabindex:14)
2024-04-06 00:54:51,779 [INFO] PluginManage:283 - PluginManage : Loaded plugins [17]
2024-04-06 00:54:52,049 [INFO] PinOutPanel:1561 - setPackage(No Configuration,No Configuration)
2024-04-06 00:54:52,129 [INFO] CADModel:165 - CPN selected for project level
2024-04-06 00:54:52,130 [INFO] CADModel:114 - Register for checkConnection events
2024-04-06 00:54:52,145 [INFO] IPUIPlugin:80 - create IPUIPlugin
2024-04-06 00:54:52,145 [INFO] PluginManager:220 - loadIPPluginJar : add adc
2024-04-06 00:54:52,147 [INFO] IPUIPlugin:80 - create IPUIPlugin
2024-04-06 00:54:52,147 [INFO] PluginManager:220 - loadIPPluginJar : add aes
2024-04-06 00:54:52,150 [INFO] IPUIPlugin:80 - create IPUIPlugin
2024-04-06 00:54:52,151 [INFO] PluginManager:220 - loadIPPluginJar : add can
2024-04-06 00:54:52,152 [INFO] IPUIPlugin:80 - create IPUIPlugin
2024-04-06 00:54:52,152 [INFO] PluginManager:220 - loadIPPluginJar : add comp
2024-04-06 00:54:52,155 [INFO] IPUIPlugin:80 - create IPUIPlugin
2024-04-06 00:54:52,155 [INFO] PluginManager:220 - loadIPPluginJar : add cryp
2024-04-06 00:54:52,157 [INFO] IPUIPlugin:80 - create IPUIPlugin
2024-04-06 00:54:52,157 [INFO] PluginManager:220 - loadIPPluginJar : add dfsdm
2024-04-06 00:54:52,162 [INFO] IPUIPlugin:80 - create IPUIPlugin
2024-04-06 00:54:52,162 [INFO] PluginManager:220 - loadIPPluginJar : add dma
2024-04-06 00:54:52,165 [INFO] IPUIPlugin:80 - create IPUIPlugin
2024-04-06 00:54:52,165 [INFO] PluginManager:220 - loadIPPluginJar : add dma3
2024-04-06 00:54:52,168 [INFO] IPUIPlugin:80 - create IPUIPlugin
2024-04-06 00:54:52,168 [INFO] PluginManager:220 - loadIPPluginJar : add extmemmanager
2024-04-06 00:54:52,169 [INFO] IPUIPlugin:80 - create IPUIPlugin
2024-04-06 00:54:52,169 [INFO] PluginManager:220 - loadIPPluginJar : add fatfs
2024-04-06 00:54:52,173 [INFO] IPUIPlugin:80 - create IPUIPlugin
2024-04-06 00:54:52,174 [INFO] PluginManager:220 - loadIPPluginJar : add fmc
2024-04-06 00:54:52,179 [INFO] IPUIPlugin:80 - create IPUIPlugin
2024-04-06 00:54:52,179 [INFO] PluginManager:220 - loadIPPluginJar : add freertos
2024-04-06 00:54:52,181 [INFO] IPUIPlugin:80 - create IPUIPlugin
2024-04-06 00:54:52,181 [INFO] PluginManager:220 - loadIPPluginJar : add genericplugin
2024-04-06 00:54:52,183 [INFO] IPUIPlugin:80 - create IPUIPlugin
2024-04-06 00:54:52,183 [INFO] PluginManager:220 - loadIPPluginJar : add gfxmmu
2024-04-06 00:54:52,187 [INFO] IPUIPlugin:80 - create IPUIPlugin
2024-04-06 00:54:52,187 [INFO] PluginManager:220 - loadIPPluginJar : add gic
2024-04-06 00:54:52,191 [INFO] IPUIPlugin:80 - create IPUIPlugin
2024-04-06 00:54:52,191 [INFO] PluginManager:220 - loadIPPluginJar : add gpio
2024-04-06 00:54:52,194 [INFO] IPUIPlugin:80 - create IPUIPlugin
2024-04-06 00:54:52,194 [INFO] PluginManager:220 - loadIPPluginJar : add gtzc
2024-04-06 00:54:52,196 [INFO] IPUIPlugin:80 - create IPUIPlugin
2024-04-06 00:54:52,196 [INFO] PluginManager:220 - loadIPPluginJar : add hash
2024-04-06 00:54:52,199 [INFO] IPUIPlugin:80 - create IPUIPlugin
2024-04-06 00:54:52,199 [INFO] PluginManager:220 - loadIPPluginJar : add i2c
2024-04-06 00:54:52,201 [INFO] IPUIPlugin:80 - create IPUIPlugin
2024-04-06 00:54:52,201 [INFO] PluginManager:220 - loadIPPluginJar : add i2s
2024-04-06 00:54:52,204 [INFO] IPUIPlugin:80 - create IPUIPlugin
2024-04-06 00:54:52,204 [INFO] PluginManager:220 - loadIPPluginJar : add i3c
2024-04-06 00:54:52,207 [INFO] IPUIPlugin:80 - create IPUIPlugin
2024-04-06 00:54:52,208 [INFO] PluginManager:220 - loadIPPluginJar : add ipddr
2024-04-06 00:54:52,214 [INFO] IPUIPlugin:80 - create IPUIPlugin
2024-04-06 00:54:52,214 [INFO] PluginManager:220 - loadIPPluginJar : add linkedlist
2024-04-06 00:54:52,217 [INFO] IPUIPlugin:80 - create IPUIPlugin
2024-04-06 00:54:52,217 [INFO] PluginManager:220 - loadIPPluginJar : add lorawan
2024-04-06 00:54:52,219 [INFO] IPUIPlugin:80 - create IPUIPlugin
2024-04-06 00:54:52,219 [INFO] PluginManager:220 - loadIPPluginJar : add ltdc
2024-04-06 00:54:52,227 [INFO] IPUIPlugin:80 - create IPUIPlugin
2024-04-06 00:54:52,227 [INFO] PluginManager:220 - loadIPPluginJar : add mdma
2024-04-06 00:54:52,232 [INFO] IPUIPlugin:80 - create IPUIPlugin
2024-04-06 00:54:52,232 [INFO] PluginManager:220 - loadIPPluginJar : add nvic
2024-04-06 00:54:52,235 [INFO] IPUIPlugin:80 - create IPUIPlugin
2024-04-06 00:54:52,235 [INFO] PluginManager:220 - loadIPPluginJar : add opamp
2024-04-06 00:54:52,238 [INFO] IPUIPlugin:80 - create IPUIPlugin
2024-04-06 00:54:52,238 [INFO] PluginManager:220 - loadIPPluginJar : add openamp
2024-04-06 00:54:52,241 [INFO] IPUIPlugin:80 - create IPUIPlugin
2024-04-06 00:54:52,241 [INFO] PluginManager:220 - loadIPPluginJar : add pdm2pcm
2024-04-06 00:54:52,247 [INFO] IPUIPlugin:80 - create IPUIPlugin
2024-04-06 00:54:52,250 [INFO] PluginManager:220 - loadIPPluginJar : add plateformsettings
2024-04-06 00:54:52,252 [INFO] IPUIPlugin:80 - create IPUIPlugin
2024-04-06 00:54:52,252 [INFO] PluginManager:220 - loadIPPluginJar : add quadspi
2024-04-06 00:54:52,255 [INFO] IPUIPlugin:80 - create IPUIPlugin
2024-04-06 00:54:52,255 [INFO] PluginManager:220 - loadIPPluginJar : add resmgrutility
2024-04-06 00:54:52,259 [INFO] IPUIPlugin:80 - create IPUIPlugin
2024-04-06 00:54:52,259 [INFO] PluginManager:220 - loadIPPluginJar : add sai
2024-04-06 00:54:52,261 [INFO] IPUIPlugin:80 - create IPUIPlugin
2024-04-06 00:54:52,261 [INFO] PluginManager:220 - loadIPPluginJar : add spi
2024-04-06 00:54:52,269 [INFO] IPUIPlugin:80 - create IPUIPlugin
2024-04-06 00:54:52,269 [INFO] PluginManager:220 - loadIPPluginJar : add stm32_wpan
2024-04-06 00:54:52,271 [INFO] IPUIPlugin:80 - create IPUIPlugin
2024-04-06 00:54:52,271 [INFO] PluginManager:220 - loadIPPluginJar : add tim
2024-04-06 00:54:52,275 [INFO] IPUIPlugin:80 - create IPUIPlugin
2024-04-06 00:54:52,275 [INFO] PluginManager:220 - loadIPPluginJar : add touchsensing
2024-04-06 00:54:52,277 [INFO] IPUIPlugin:80 - create IPUIPlugin
2024-04-06 00:54:52,278 [INFO] PluginManager:220 - loadIPPluginJar : add tracer_emb
2024-04-06 00:54:52,279 [INFO] IPUIPlugin:80 - create IPUIPlugin
2024-04-06 00:54:52,279 [INFO] PluginManager:220 - loadIPPluginJar : add ts
2024-04-06 00:54:52,281 [INFO] IPUIPlugin:80 - create IPUIPlugin
2024-04-06 00:54:52,281 [INFO] PluginManager:220 - loadIPPluginJar : add tsc
2024-04-06 00:54:52,283 [INFO] IPUIPlugin:80 - create IPUIPlugin
2024-04-06 00:54:52,283 [INFO] PluginManager:220 - loadIPPluginJar : add ucpd
2024-04-06 00:54:52,286 [INFO] IPUIPlugin:80 - create IPUIPlugin
2024-04-06 00:54:52,286 [INFO] PluginManager:220 - loadIPPluginJar : add usart
2024-04-06 00:54:52,289 [INFO] IPUIPlugin:80 - create IPUIPlugin
2024-04-06 00:54:52,289 [INFO] PluginManager:220 - loadIPPluginJar : add usbx
2024-04-06 00:54:52,435 [INFO] CADModel:165 - CPN selected for project level
2024-04-06 00:54:52,435 [INFO] CADModel:114 - Register for checkConnection events
2024-04-06 00:54:52,436 [FATAL] Updater:308 - Updater called before beeing initialized
2024-04-06 00:54:52,436 [ERROR] CADModel:125 - Updater not yet initialized, retry later 
2024-04-06 00:54:52,656 [INFO] CADModel:165 - CPN selected for project level
2024-04-06 00:54:52,657 [INFO] CADModel:114 - Register for checkConnection events
2024-04-06 00:54:52,657 [FATAL] Updater:308 - Updater called before beeing initialized
2024-04-06 00:54:52,657 [ERROR] CADModel:125 - Updater not yet initialized, retry later 
2024-04-06 00:54:52,663 [FATAL] Updater:308 - Updater called before beeing initialized
2024-04-06 00:54:52,824 [FATAL] Updater:308 - Updater called before beeing initialized
2024-04-06 00:54:52,836 [INFO] DbMcusAds:53 - JSON generation date=Wed Nov 29 17:52:27 ICT 2023 (1701255147349)
2024-04-06 00:54:52,836 [FATAL] Updater:308 - Updater called before beeing initialized
2024-04-06 00:54:52,931 [WARN] DetailPanel:346 - Failed to get advertising image, set to default
2024-04-06 00:54:53,051 [FATAL] Updater:308 - Updater called before beeing initialized
2024-04-06 00:54:53,053 [FATAL] Updater:308 - Updater called before beeing initialized
2024-04-06 00:54:53,053 [FATAL] Updater:308 - Updater called before beeing initialized
2024-04-06 00:54:53,053 [WARN] DetailPanel:346 - Failed to get advertising image, set to default
2024-04-06 00:54:53,054 [FATAL] Updater:308 - Updater called before beeing initialized
2024-04-06 00:54:53,143 [ERROR] Updater:1120 - MainUpdater not yet initialized. External WinMGr cannot be set.
2024-04-06 00:54:53,145 [INFO] Updater:1056 - Updater Version found : 6.11.0
2024-04-06 00:54:53,181 [INFO] ApplicationProperties:184 - Using Application install path: C:\ST\STM32CubeIDE_1.14.1\STM32CubeIDE\plugins\com.st.stm32cube.common.mx_6.11.0.202403141607
2024-04-06 00:54:54,535 [INFO] ThirdPartyUpdaterWithRetryManager:70 - Updater plugin not ready yet. [2/15]
2024-04-06 00:54:54,781 [ERROR] LogOutputStream:75 - [STDERR_REDIRECT] Apr 06, 2024 12:54:54 AM java.util.prefs.WindowsPreferences <init>
2024-04-06 00:54:54,788 [ERROR] LogOutputStream:75 - [STDERR_REDIRECT] WARNING: Could not open/create prefs root node Software\JavaSoft\Prefs at root 0xffffffff80000002. Windows RegCreateKeyEx(...) returned error code 5.
2024-04-06 00:54:54,788 [ERROR] LogOutputStream:75 - [STDERR_REDIRECT] 
2024-04-06 00:54:54,843 [INFO] MainUpdater:526 - Copy updater definitions from MX database
2024-04-06 00:54:55,247 [INFO] MainUpdater:2873 - connection check result : 10
2024-04-06 00:54:55,247 [INFO] MainUpdater:3567 - Updater definition file requires update
2024-04-06 00:54:55,248 [INFO] MainUpdater:290 - Updater Check For Update Now.
2024-04-06 00:54:55,249 [INFO] MicroXplorer:498 - Change Database Version : DB.6.0.110
2024-04-06 00:54:55,262 [INFO] McuFinderGlobals:63 - Set McuFinder mode to 2 (CubeIDE integrated)
2024-04-06 00:54:55,262 [INFO] UserAuth:179 - activating auth plugin
2024-04-06 00:54:55,265 [INFO] UserAuth:415 - Internet connection configuration mode: 1
2024-04-06 00:54:55,291 [INFO] JxBrowserEngine:152 - Initiate JxBrowser Engine with user profile folder
2024-04-06 00:54:55,406 [INFO] ServerAccessManage:473 - Download File updaters.zip
2024-04-06 00:54:55,544 [INFO] FileExtend:240 - Unzip File : updaters.zip
2024-04-06 00:54:55,545 [INFO] FileExtend:255 - Standard Zip Deflate
2024-04-06 00:54:56,216 [INFO] ServerAccessManage:473 - Download File PacksControlFlags.xml
2024-04-06 00:54:56,348 [INFO] ServerAccessManage:473 - Download File cubemx.pidx
2024-04-06 00:54:56,509 [INFO] LoadServerUpdatesThread:375 - End of LoadServerUpdate Thread
2024-04-06 00:54:56,870 [INFO] CheckServerUpdateThread:120 - End of CheckServer Thread
2024-04-06 00:54:57,813 [WARN] PackLoader:240 - Cannot read IP mode file for STMicroelectronics.X-CUBE-SMBUS.2.1.0
2024-04-06 00:54:57,847 [WARN] PackLoader:240 - Cannot read IP mode file for STMicroelectronics.X-CUBE-TOUCHGFX.4.23.0
2024-04-06 00:54:57,862 [WARN] PackLoader:240 - Cannot read IP mode file for STMicroelectronics.X-CUBE-TOUCHGFX.4.23.2
2024-04-06 00:54:57,926 [WARN] PackLoader:240 - Cannot read IP mode file for STMicroelectronics.X-CUBE-AZRTOS-F7.1.1.0
2024-04-06 00:54:57,952 [WARN] PackLoader:240 - Cannot read IP mode file for STMicroelectronics.FP-SNS-MOTENV1.4.3.2
2024-04-06 00:54:57,972 [WARN] PackLoader:240 - Cannot read IP mode file for STMicroelectronics.FP-SNS-FLIGHT1.5.0.2
2024-04-06 00:54:57,998 [WARN] PackLoader:240 - Cannot read IP mode file for STMicroelectronics.X-CUBE-DISPLAY.3.0.0
2024-04-06 00:54:58,028 [WARN] PackLoader:240 - Cannot read IP mode file for STMicroelectronics.X-CUBE-BLE1.7.0.0
2024-04-06 00:54:58,060 [WARN] PackLoader:240 - Cannot read IP mode file for emotas.I-CUBE-CANOPEN.1.3.0
2024-04-06 00:54:58,087 [WARN] PackLoader:240 - Cannot read IP mode file for STMicroelectronics.X-CUBE-BLEMGR.3.1.0
2024-04-06 00:54:58,109 [WARN] PackLoader:240 - Cannot read IP mode file for STMicroelectronics.FP-SNS-SMARTAG2.1.2.0
2024-04-06 00:54:58,137 [INFO] LogOutputStream:77 - [STDOUT_REDIRECT] 1 : Invalid condition id : UX_CORESTACK_Condition cause : null
2024-04-06 00:54:58,137 [INFO] LogOutputStream:77 - [STDOUT_REDIRECT] 1 : Invalid condition id : UX_CORESTACK_Condition cause : null
2024-04-06 00:54:58,140 [INFO] LogOutputStream:77 - [STDOUT_REDIRECT] 1 : Invalid condition id : UX_CORESTACK_Condition cause : null
2024-04-06 00:54:58,142 [INFO] LogOutputStream:77 - [STDOUT_REDIRECT] 1 : Invalid condition id : UX_CORESTACK_Condition cause : null
2024-04-06 00:54:58,144 [INFO] LogOutputStream:77 - [STDOUT_REDIRECT] 1 : Invalid condition id : UX_CORESTACK_Condition cause : null
2024-04-06 00:54:58,150 [WARN] PackLoader:240 - Cannot read IP mode file for STMicroelectronics.X-CUBE-AZRTOS-WL.2.0.0
2024-04-06 00:54:58,169 [WARN] PackLoader:240 - Cannot read IP mode file for STMicroelectronics.FP-SNS-MOTENV1.5.0.0
2024-04-06 00:54:58,193 [WARN] PackLoader:240 - Cannot read IP mode file for WES.I-CUBE-Cesium.1.3.0
2024-04-06 00:54:58,211 [WARN] PackLoader:240 - Cannot read IP mode file for STMicroelectronics.X-CUBE-BLE2.3.3.0
2024-04-06 00:54:58,232 [WARN] PackLoader:240 - Cannot read IP mode file for STMicroelectronics.X-CUBE-ALGOBUILD.1.3.0
2024-04-06 00:54:58,287 [WARN] PackLoader:240 - Cannot read IP mode file for STMicroelectronics.X-CUBE-AZRTOS-G0.1.1.0
2024-04-06 00:54:58,313 [WARN] PackLoader:240 - Cannot read IP mode file for STMicroelectronics.X-CUBE-SAFEA1.1.2.2
2024-04-06 00:54:58,335 [WARN] PackLoader:240 - Cannot read IP mode file for STMicroelectronics.X-CUBE-NFC4.3.0.0
2024-04-06 00:54:58,363 [WARN] PackLoader:240 - Cannot read IP mode file for STMicroelectronics.X-CUBE-BLEMGR.3.0.0
2024-04-06 00:54:58,383 [WARN] PackLoader:240 - Cannot read IP mode file for STMicroelectronics.FP-ATR-SIGFOX1.3.2.0
2024-04-06 00:54:58,404 [WARN] PackLoader:240 - Cannot read IP mode file for STMicroelectronics.X-CUBE-EEPRMA1.5.1.0
2024-04-06 00:54:58,468 [WARN] PackLoader:240 - Cannot read IP mode file for SEGGER.I-CUBE-embOS.1.3.1
2024-04-06 00:54:58,557 [WARN] PackLoader:240 - Cannot read IP mode file for STMicroelectronics.X-CUBE-GNSS1.6.0.0
2024-04-06 00:54:58,603 [WARN] PackLoader:240 - Cannot read IP mode file for STMicroelectronics.X-CUBE-AZRTOS-F4.1.1.0
2024-04-06 00:54:58,624 [WARN] PackLoader:240 - Cannot read IP mode file for wolfSSL.I-CUBE-wolfSSL.5.6.6
2024-04-06 00:54:58,666 [WARN] PackLoader:240 - Cannot read IP mode file for STMicroelectronics.X-CUBE-AZRTOS-L5.2.0.0
2024-04-06 00:54:58,693 [WARN] PackLoader:240 - Cannot read IP mode file for STMicroelectronics.X-CUBE-NFC6.3.1.0
2024-04-06 00:54:58,719 [WARN] PackLoader:240 - Cannot read IP mode file for ITTIA_DB.I-CUBE-ITTIADB.8.8.0
2024-04-06 00:54:58,739 [WARN] PackLoader:240 - Cannot read IP mode file for STMicroelectronics.X-CUBE-NFC7.1.0.1
2024-04-06 00:54:58,762 [WARN] PackLoader:240 - Cannot read IP mode file for STMicroelectronics.X-CUBE-NFC6.3.0.0
2024-04-06 00:54:58,782 [WARN] PackLoader:240 - Cannot read IP mode file for STMicroelectronics.X-CUBE-AI.8.1.0
2024-04-06 00:54:58,827 [WARN] ConditionMgr:438 - getConditionDescription Invalid condition id : LAN8742 Phy interface Condition cause : null
2024-04-06 00:54:58,828 [WARN] PackLoader:240 - Cannot read IP mode file for STMicroelectronics.X-CUBE-AZRTOS-L4.2.0.0
2024-04-06 00:54:58,831 [WARN] ConditionMgr:1039 - genDependencies : Invalid condition id : LAN8742 Phy interface Condition cause : null
2024-04-06 00:54:58,831 [WARN] ConditionMgr:1039 - genDependencies : Invalid condition id : LAN8742 Phy interface Condition cause : null
2024-04-06 00:54:58,832 [WARN] ConditionMgr:1039 - genDependencies : Invalid condition id : LAN8742 Phy interface Condition cause : null
2024-04-06 00:54:58,854 [WARN] PackLoader:240 - Cannot read IP mode file for STMicroelectronics.X-CUBE-SFXS2LP1.4.0.0
2024-04-06 00:54:58,890 [WARN] ConditionMgr:438 - getConditionDescription Invalid condition id : UX DEVICE CLASS RTOS Condition cause : null
2024-04-06 00:54:58,890 [WARN] ConditionMgr:438 - getConditionDescription Invalid condition id : UX DEVICE CLASS RTOS Condition cause : null
2024-04-06 00:54:58,898 [WARN] PackLoader:240 - Cannot read IP mode file for STMicroelectronics.X-CUBE-AZRTOS-WB.2.0.0
2024-04-06 00:54:58,899 [WARN] ConditionMgr:1039 - genDependencies : Invalid condition id : UX DEVICE CLASS RTOS Condition cause : null
2024-04-06 00:54:58,899 [WARN] ConditionMgr:1039 - genDependencies : Invalid condition id : UX DEVICE CLASS RTOS Condition cause : null
2024-04-06 00:54:58,900 [WARN] ConditionMgr:1039 - genDependencies : Invalid condition id : UX DEVICE CLASS RTOS Condition cause : null
2024-04-06 00:54:58,901 [WARN] ConditionMgr:1039 - genDependencies : Invalid condition id : UX DEVICE CLASS RTOS Condition cause : null
2024-04-06 00:54:58,901 [WARN] ConditionMgr:1039 - genDependencies : Invalid condition id : UX DEVICE CLASS RTOS Condition cause : null
2024-04-06 00:54:58,930 [WARN] PackLoader:240 - Cannot read IP mode file for STMicroelectronics.X-CUBE-SUBG2.5.0.0
2024-04-06 00:54:58,975 [WARN] PackLoader:240 - Cannot read IP mode file for STMicroelectronics.X-CUBE-AZRTOS-G4.2.0.0
2024-04-06 00:54:59,008 [WARN] PackLoader:240 - Cannot read IP mode file for Infineon.AIROC-Wi-Fi-Bluetooth-STM32.1.5.1
2024-04-06 00:54:59,029 [WARN] PackLoader:240 - Cannot read IP mode file for STMicroelectronics.FP-SNS-MOTENVWB1.1.3.1
2024-04-06 00:54:59,045 [WARN] PackLoader:240 - Cannot read IP mode file for STMicroelectronics.X-CUBE-ISPU.2.0.0
2024-04-06 00:54:59,127 [WARN] PackLoader:240 - Cannot read IP mode file for STMicroelectronics.X-CUBE-MEMS1.10.0.0
2024-04-06 00:54:59,366 [WARN] PackLoader:240 - Cannot read IP mode file for STMicroelectronics.X-CUBE-FREERTOS.1.1.0
2024-04-06 00:54:59,390 [WARN] PackLoader:240 - Cannot read IP mode file for portGmbH.I-Cube-SoM-uGOAL.1.1.0
2024-04-06 00:54:59,406 [WARN] PackLoader:240 - Cannot read IP mode file for STMicroelectronics.X-CUBE-ALS.1.0.1
2024-04-06 00:54:59,422 [WARN] PackLoader:240 - Cannot read IP mode file for STMicroelectronics.FP-ATR-ASTRA1.2.0.0
2024-04-06 00:54:59,450 [WARN] PackLoader:240 - Cannot read IP mode file for STMicroelectronics.X-CUBE-TOF1.3.4.0
2024-04-06 00:54:59,491 [WARN] PackLoader:240 - Cannot read IP mode file for STMicroelectronics.X-CUBE-TOF1.3.4.1
2024-04-06 00:54:59,550 [WARN] PackLoader:240 - Cannot read IP mode file for STMicroelectronics.X-CUBE-AZRTOS-H7.3.2.0
2024-04-06 00:54:59,555 [INFO] ThirdParty:978 - Integrity check success = true
2024-04-06 00:54:59,556 [INFO] IntegrityCheckThread:100 - exiting critical section [integrity check]
2024-04-06 00:54:59,556 [INFO] IntegrityCheckThread:103 - End integrity checks thread
2024-04-06 00:55:02,919 [INFO] WebApp:161 - Instantiating new browser for Auth
2024-04-06 00:55:03,609 [INFO] WebApp:779 - Register for checkConnection events
2024-04-06 00:55:03,609 [INFO] WebApp:414 - Apply proxy settings
2024-04-06 00:55:03,609 [INFO] WebApp:499 - Chromium requires no authentication
2024-04-06 00:55:03,616 [INFO] WebApp:442 - Direct internet connection detected
2024-04-06 00:55:03,841 [INFO] WebApp:192 - Starting web application
2024-04-06 00:55:03,841 [INFO] WebApp:544 - Web application path used C:\ST\STM32CubeIDE_1.14.1\STM32CubeIDE\plugins\com.st.stm32cube.common.mx_6.11.0.202403141607\db\plugins\mcufinder\reactClient1\index.html
2024-04-06 01:00:39,531 [ERROR] LogOutputStream:75 - [STDERR_REDIRECT] 
2024-04-06 01:00:39,532 [ERROR] LogOutputStream:75 - [STDERR_REDIRECT] 
2024-04-06 13:29:15,108 [INFO] Activator:176 - 


2024-04-06 13:29:15,112 [INFO] Activator:177 - !SESSION log4j initialized
2024-04-06 13:29:28,306 [INFO] LogOutputStream:77 - [STDOUT_REDIRECT] 
2024-04-06 13:29:32,929 [INFO] ApplicationProperties:184 - Using Application install path: C:\ST\STM32CubeIDE_1.14.1\STM32CubeIDE\plugins\com.st.stm32cube.common.mx_6.11.0.202403141607
2024-04-06 13:29:32,970 [INFO] DbMcusXml:78 - Set database path to: C:\ST\STM32CubeIDE_1.14.1\STM32CubeIDE\plugins\com.st.stm32cube.common.mx_6.11.0.202403141607\\db\/mcu/
2024-04-06 13:29:32,971 [INFO] ApiDb:274 - Set plugin database path to: C:\ST\STM32CubeIDE_1.14.1\STM32CubeIDE\plugins\com.st.stm32cube.common.mx_6.11.0.202403141607\\db\/plugins/boardmanager/
2024-04-06 13:29:32,971 [WARN] ApiDb:259 - Overriding images path with different value:  => C:\ST\STM32CubeIDE_1.14.1\STM32CubeIDE\plugins\com.st.stm32cube.common.mx_6.11.0.202403141607\\db\/plugins/mcufinder/images/
2024-04-06 13:29:32,991 [INFO] ApiDb:250 - Set database path to: C:\Users\BXT\.stmcufinder\plugins\mcufinder//mcu/
2024-04-06 13:29:32,993 [INFO] DbMcusAds:125 - Set database path to: C:\Users\BXT\.stmcufinder\plugins\mcufinder//mcu/
2024-04-06 13:29:32,999 [INFO] CrossReferenceDbSqlite:203 - Set database path to: C:\Users\BXT\.stmcufinder\plugins\mcufinder//mcu/cs/
2024-04-06 13:29:33,340 [INFO] RulesReader:64 - Compatibility file has been processed (297 Rules)
2024-04-06 13:29:33,582 [INFO] DbMcusXml:78 - Set database path to: C:\ST\STM32CubeIDE_1.14.1\STM32CubeIDE\plugins\com.st.stm32cube.common.mx_6.11.0.202403141607\\db\/mcu/
2024-04-06 13:29:33,582 [INFO] ApiDb:274 - Set plugin database path to: C:\ST\STM32CubeIDE_1.14.1\STM32CubeIDE\plugins\com.st.stm32cube.common.mx_6.11.0.202403141607\\db\/plugins/boardmanager/
2024-04-06 13:29:33,583 [INFO] ApiDb:261 - Set plugin images path to: C:\ST\STM32CubeIDE_1.14.1\STM32CubeIDE\plugins\com.st.stm32cube.common.mx_6.11.0.202403141607\\db\/plugins/mcufinder/images/
2024-04-06 13:29:33,583 [WARN] DbFile:41 - Overriding database path with different value: C:\Users\BXT\.stmcufinder\plugins\mcufinder/ => C:\Users\BXT\.stmcufinder\plugins\mcufinder
2024-04-06 13:29:33,584 [INFO] ApiDb:250 - Set database path to: C:\Users\BXT\.stmcufinder\plugins\mcufinder//mcu/
2024-04-06 13:29:33,584 [WARN] DbFile:41 - Overriding database path with different value: C:\Users\BXT\.stmcufinder\plugins\mcufinder/ => C:\Users\BXT\.stmcufinder\plugins\mcufinder
2024-04-06 13:29:33,584 [INFO] DbMcusAds:125 - Set database path to: C:\Users\BXT\.stmcufinder\plugins\mcufinder//mcu/
2024-04-06 13:29:33,584 [WARN] DbFile:41 - Overriding database path with different value: C:\Users\BXT\.stmcufinder\plugins\mcufinder/ => C:\Users\BXT\.stmcufinder\plugins\mcufinder
2024-04-06 13:29:33,584 [WARN] DbFile:41 - Overriding database path with different value: C:\Users\BXT\.stmcufinder\plugins\mcufinder/ => C:\Users\BXT\.stmcufinder\plugins\mcufinder
2024-04-06 13:29:33,584 [INFO] CrossReferenceDbSqlite:203 - Set database path to: C:\Users\BXT\.stmcufinder\plugins\mcufinder//mcu/cs/
2024-04-06 13:29:33,788 [INFO] MainPanel:264 - HeapMemory: 268435456
2024-04-06 13:29:34,025 [INFO] DbMcusXml:78 - Set database path to: C:\ST\STM32CubeIDE_1.14.1\STM32CubeIDE\plugins\com.st.stm32cube.common.mx_6.11.0.202403141607\\db\/mcu/
2024-04-06 13:29:34,026 [INFO] ApiDb:274 - Set plugin database path to: C:\ST\STM32CubeIDE_1.14.1\STM32CubeIDE\plugins\com.st.stm32cube.common.mx_6.11.0.202403141607\\db\/plugins/boardmanager/
2024-04-06 13:29:34,026 [INFO] ApiDb:261 - Set plugin images path to: C:\ST\STM32CubeIDE_1.14.1\STM32CubeIDE\plugins\com.st.stm32cube.common.mx_6.11.0.202403141607\\db\/plugins/mcufinder/images/
2024-04-06 13:29:34,027 [WARN] DbFile:41 - Overriding database path with different value: C:\Users\BXT\.stmcufinder\plugins\mcufinder/ => C:\Users\BXT\.stmcufinder\plugins\mcufinder
2024-04-06 13:29:34,027 [INFO] ApiDb:250 - Set database path to: C:\Users\BXT\.stmcufinder\plugins\mcufinder//mcu/
2024-04-06 13:29:34,028 [WARN] DbFile:41 - Overriding database path with different value: C:\Users\BXT\.stmcufinder\plugins\mcufinder/ => C:\Users\BXT\.stmcufinder\plugins\mcufinder
2024-04-06 13:29:34,028 [INFO] DbMcusAds:125 - Set database path to: C:\Users\BXT\.stmcufinder\plugins\mcufinder//mcu/
2024-04-06 13:29:34,028 [WARN] DbFile:41 - Overriding database path with different value: C:\Users\BXT\.stmcufinder\plugins\mcufinder/ => C:\Users\BXT\.stmcufinder\plugins\mcufinder
2024-04-06 13:29:34,029 [WARN] DbFile:41 - Overriding database path with different value: C:\Users\BXT\.stmcufinder\plugins\mcufinder/ => C:\Users\BXT\.stmcufinder\plugins\mcufinder
2024-04-06 13:29:34,029 [INFO] CrossReferenceDbSqlite:203 - Set database path to: C:\Users\BXT\.stmcufinder\plugins\mcufinder//mcu/cs/
2024-04-06 13:29:34,067 [INFO] ApplicationProperties:184 - Using Application install path: C:\ST\STM32CubeIDE_1.14.1\STM32CubeIDE\plugins\com.st.stm32cube.common.mx_6.11.0.202403141607
2024-04-06 13:29:34,070 [INFO] PluginManage:196 - Search for loadable plugins [exclusion list=, ]
2024-04-06 13:29:34,073 [INFO] PluginManage:310 - Check plugin analytics
2024-04-06 13:29:34,550 [INFO] AnalyticsPlugin:253 - Accepted Software Licenses: 
2024-04-06 13:29:34,551 [INFO] AnalyticsPlugin:255 - Accepted CMSIS Pack Licenses: 
2024-04-06 13:29:34,551 [INFO] AnalyticsPlugin:257 - Accepted Firmware Licenses: 
2024-04-06 13:29:34,558 [INFO] PluginManage:359 - Loaded plugin analytics (category:tool,tabindex:-1)
2024-04-06 13:29:34,558 [INFO] PluginManage:310 - Check plugin cadmodel
2024-04-06 13:29:34,622 [INFO] CADModel:105 - Init CAD model plugin
2024-04-06 13:29:34,623 [INFO] PluginManage:359 - Loaded plugin cadmodel (category:power,tabindex:5)
2024-04-06 13:29:34,623 [INFO] PluginManage:310 - Check plugin clock
2024-04-06 13:29:34,678 [INFO] PluginManage:359 - Loaded plugin clock (category:base,tabindex:2)
2024-04-06 13:29:34,679 [INFO] PluginManage:310 - Check plugin ddr
2024-04-06 13:29:34,685 [INFO] PluginManage:359 - Loaded plugin ddr (category:tool,tabindex:6)
2024-04-06 13:29:34,686 [INFO] PluginManage:310 - Check plugin filemanager
2024-04-06 13:29:35,081 [INFO] PluginManage:359 - Loaded plugin filemanager (category:base,tabindex:10)
2024-04-06 13:29:35,082 [INFO] PluginManage:310 - Check plugin ipmanager
2024-04-06 13:29:35,101 [INFO] PluginManage:359 - Loaded plugin ipmanager (category:base,tabindex:5)
2024-04-06 13:29:35,101 [INFO] PluginManage:310 - Check plugin lpbam
2024-04-06 13:29:35,159 [INFO] PluginManage:359 - Loaded plugin lpbam (category:base,tabindex:0)
2024-04-06 13:29:35,159 [INFO] PluginManage:310 - Check plugin memorymap
2024-04-06 13:29:35,235 [INFO] PluginManage:359 - Loaded plugin memorymap (category:base,tabindex:4)
2024-04-06 13:29:35,235 [INFO] PluginManage:310 - Check plugin pinoutandconfiguration
2024-04-06 13:29:35,289 [INFO] PluginManage:359 - Loaded plugin pinoutandconfiguration (category:base,tabindex:1)
2024-04-06 13:29:35,290 [INFO] PluginManage:310 - Check plugin pinoutconfig
2024-04-06 13:29:35,603 [WARN] SupportedApi:132 - Cannot load RTOS API schema: s4s-elt-must-match.1: The content of 'definitions' must match (annotation?, (simpleType | complexType)?, (unique | key | keyref)*)). A problem was found starting at: attribute.
2024-04-06 13:29:36,094 [INFO] PluginManage:359 - Loaded plugin pinoutconfig (category:base,tabindex:0)
2024-04-06 13:29:36,094 [INFO] PluginManage:310 - Check plugin power
2024-04-06 13:29:36,150 [INFO] PluginManage:359 - Loaded plugin power (category:power,tabindex:4)
2024-04-06 13:29:36,151 [INFO] PluginManage:310 - Check plugin projectmanager
2024-04-06 13:29:36,194 [INFO] PluginManage:359 - Loaded plugin projectmanager (category:projectmanager,tabindex:3)
2024-04-06 13:29:36,194 [INFO] PluginManage:310 - Check plugin thirdparty
2024-04-06 13:29:36,849 [INFO] PluginManage:359 - Loaded plugin thirdparty (category:base,tabindex:-1)
2024-04-06 13:29:36,849 [WARN] IntegrityCheckThread:84 - waiting for thirdparty lock release [integrity check]
2024-04-06 13:29:36,850 [INFO] IntegrityCheckThread:86 - entering critical section [integrity check]
2024-04-06 13:29:36,850 [INFO] PluginManage:310 - Check plugin tools
2024-04-06 13:29:36,851 [INFO] ThirdPartyUpdaterWithRetryManager:70 - Updater plugin not ready yet. [1/15]
2024-04-06 13:29:36,941 [INFO] PluginManage:359 - Loaded plugin tools (category:base,tabindex:7)
2024-04-06 13:29:36,941 [INFO] PluginManage:310 - Check plugin tutovideos
2024-04-06 13:29:37,343 [INFO] PluginManage:359 - Loaded plugin tutovideos (category:base,tabindex:-1)
2024-04-06 13:29:37,344 [INFO] PluginManage:310 - Check plugin updater
2024-04-06 13:29:37,368 [INFO] PluginManage:359 - Loaded plugin updater (category:base,tabindex:12)
2024-04-06 13:29:37,368 [INFO] PluginManage:310 - Check plugin userauth
2024-04-06 13:29:37,379 [INFO] UserAuth:114 - Init User Auth plugin
2024-04-06 13:29:37,379 [INFO] PluginManage:359 - Loaded plugin userauth (category:base,tabindex:14)
2024-04-06 13:29:37,380 [INFO] PluginManage:283 - PluginManage : Loaded plugins [17]
2024-04-06 13:29:37,901 [INFO] PinOutPanel:1561 - setPackage(No Configuration,No Configuration)
2024-04-06 13:29:38,057 [INFO] CADModel:165 - CPN selected for project level
2024-04-06 13:29:38,058 [INFO] CADModel:114 - Register for checkConnection events
2024-04-06 13:29:38,102 [INFO] IPUIPlugin:80 - create IPUIPlugin
2024-04-06 13:29:38,102 [INFO] PluginManager:220 - loadIPPluginJar : add adc
2024-04-06 13:29:38,176 [INFO] IPUIPlugin:80 - create IPUIPlugin
2024-04-06 13:29:38,176 [INFO] PluginManager:220 - loadIPPluginJar : add aes
2024-04-06 13:29:38,265 [INFO] IPUIPlugin:80 - create IPUIPlugin
2024-04-06 13:29:38,266 [INFO] PluginManager:220 - loadIPPluginJar : add can
2024-04-06 13:29:38,321 [INFO] IPUIPlugin:80 - create IPUIPlugin
2024-04-06 13:29:38,322 [INFO] PluginManager:220 - loadIPPluginJar : add comp
2024-04-06 13:29:38,386 [INFO] IPUIPlugin:80 - create IPUIPlugin
2024-04-06 13:29:38,386 [INFO] PluginManager:220 - loadIPPluginJar : add cryp
2024-04-06 13:29:38,446 [INFO] IPUIPlugin:80 - create IPUIPlugin
2024-04-06 13:29:38,446 [INFO] PluginManager:220 - loadIPPluginJar : add dfsdm
2024-04-06 13:29:38,471 [INFO] IPUIPlugin:80 - create IPUIPlugin
2024-04-06 13:29:38,472 [INFO] PluginManager:220 - loadIPPluginJar : add dma
2024-04-06 13:29:38,553 [INFO] IPUIPlugin:80 - create IPUIPlugin
2024-04-06 13:29:38,554 [INFO] PluginManager:220 - loadIPPluginJar : add dma3
2024-04-06 13:29:38,641 [INFO] IPUIPlugin:80 - create IPUIPlugin
2024-04-06 13:29:38,641 [INFO] PluginManager:220 - loadIPPluginJar : add extmemmanager
2024-04-06 13:29:38,678 [INFO] IPUIPlugin:80 - create IPUIPlugin
2024-04-06 13:29:38,678 [INFO] PluginManager:220 - loadIPPluginJar : add fatfs
2024-04-06 13:29:38,767 [INFO] IPUIPlugin:80 - create IPUIPlugin
2024-04-06 13:29:38,767 [INFO] PluginManager:220 - loadIPPluginJar : add fmc
2024-04-06 13:29:38,794 [INFO] IPUIPlugin:80 - create IPUIPlugin
2024-04-06 13:29:38,795 [INFO] PluginManager:220 - loadIPPluginJar : add freertos
2024-04-06 13:29:38,834 [INFO] IPUIPlugin:80 - create IPUIPlugin
2024-04-06 13:29:38,834 [INFO] PluginManager:220 - loadIPPluginJar : add genericplugin
2024-04-06 13:29:39,048 [INFO] IPUIPlugin:80 - create IPUIPlugin
2024-04-06 13:29:39,048 [INFO] PluginManager:220 - loadIPPluginJar : add gfxmmu
2024-04-06 13:29:39,366 [INFO] IPUIPlugin:80 - create IPUIPlugin
2024-04-06 13:29:39,366 [INFO] PluginManager:220 - loadIPPluginJar : add gic
2024-04-06 13:29:39,391 [INFO] IPUIPlugin:80 - create IPUIPlugin
2024-04-06 13:29:39,391 [INFO] PluginManager:220 - loadIPPluginJar : add gpio
2024-04-06 13:29:39,572 [INFO] IPUIPlugin:80 - create IPUIPlugin
2024-04-06 13:29:39,573 [INFO] PluginManager:220 - loadIPPluginJar : add gtzc
2024-04-06 13:29:39,641 [INFO] IPUIPlugin:80 - create IPUIPlugin
2024-04-06 13:29:39,641 [INFO] PluginManager:220 - loadIPPluginJar : add hash
2024-04-06 13:29:39,764 [INFO] IPUIPlugin:80 - create IPUIPlugin
2024-04-06 13:29:39,764 [INFO] PluginManager:220 - loadIPPluginJar : add i2c
2024-04-06 13:29:39,841 [INFO] IPUIPlugin:80 - create IPUIPlugin
2024-04-06 13:29:39,842 [INFO] PluginManager:220 - loadIPPluginJar : add i2s
2024-04-06 13:29:39,852 [INFO] ThirdPartyUpdaterWithRetryManager:70 - Updater plugin not ready yet. [2/15]
2024-04-06 13:29:39,923 [INFO] IPUIPlugin:80 - create IPUIPlugin
2024-04-06 13:29:39,923 [INFO] PluginManager:220 - loadIPPluginJar : add i3c
2024-04-06 13:29:40,129 [INFO] IPUIPlugin:80 - create IPUIPlugin
2024-04-06 13:29:40,129 [INFO] PluginManager:220 - loadIPPluginJar : add ipddr
2024-04-06 13:29:40,320 [INFO] IPUIPlugin:80 - create IPUIPlugin
2024-04-06 13:29:40,320 [INFO] PluginManager:220 - loadIPPluginJar : add linkedlist
2024-04-06 13:29:40,404 [INFO] IPUIPlugin:80 - create IPUIPlugin
2024-04-06 13:29:40,404 [INFO] PluginManager:220 - loadIPPluginJar : add lorawan
2024-04-06 13:29:40,495 [INFO] IPUIPlugin:80 - create IPUIPlugin
2024-04-06 13:29:40,495 [INFO] PluginManager:220 - loadIPPluginJar : add ltdc
2024-04-06 13:29:40,527 [INFO] IPUIPlugin:80 - create IPUIPlugin
2024-04-06 13:29:40,528 [INFO] PluginManager:220 - loadIPPluginJar : add mdma
2024-04-06 13:29:40,552 [INFO] IPUIPlugin:80 - create IPUIPlugin
2024-04-06 13:29:40,552 [INFO] PluginManager:220 - loadIPPluginJar : add nvic
2024-04-06 13:29:40,627 [INFO] IPUIPlugin:80 - create IPUIPlugin
2024-04-06 13:29:40,627 [INFO] PluginManager:220 - loadIPPluginJar : add opamp
2024-04-06 13:29:40,781 [INFO] IPUIPlugin:80 - create IPUIPlugin
2024-04-06 13:29:40,782 [INFO] PluginManager:220 - loadIPPluginJar : add openamp
2024-04-06 13:29:40,881 [INFO] IPUIPlugin:80 - create IPUIPlugin
2024-04-06 13:29:40,881 [INFO] PluginManager:220 - loadIPPluginJar : add pdm2pcm
2024-04-06 13:29:40,911 [INFO] IPUIPlugin:80 - create IPUIPlugin
2024-04-06 13:29:40,917 [INFO] PluginManager:220 - loadIPPluginJar : add plateformsettings
2024-04-06 13:29:40,966 [INFO] IPUIPlugin:80 - create IPUIPlugin
2024-04-06 13:29:40,966 [INFO] PluginManager:220 - loadIPPluginJar : add quadspi
2024-04-06 13:29:40,990 [INFO] IPUIPlugin:80 - create IPUIPlugin
2024-04-06 13:29:40,990 [INFO] PluginManager:220 - loadIPPluginJar : add resmgrutility
2024-04-06 13:29:41,122 [INFO] IPUIPlugin:80 - create IPUIPlugin
2024-04-06 13:29:41,122 [INFO] PluginManager:220 - loadIPPluginJar : add sai
2024-04-06 13:29:41,214 [INFO] IPUIPlugin:80 - create IPUIPlugin
2024-04-06 13:29:41,215 [INFO] PluginManager:220 - loadIPPluginJar : add spi
2024-04-06 13:29:41,357 [INFO] IPUIPlugin:80 - create IPUIPlugin
2024-04-06 13:29:41,357 [INFO] PluginManager:220 - loadIPPluginJar : add stm32_wpan
2024-04-06 13:29:41,399 [INFO] IPUIPlugin:80 - create IPUIPlugin
2024-04-06 13:29:41,399 [INFO] PluginManager:220 - loadIPPluginJar : add tim
2024-04-06 13:29:41,515 [INFO] IPUIPlugin:80 - create IPUIPlugin
2024-04-06 13:29:41,515 [INFO] PluginManager:220 - loadIPPluginJar : add touchsensing
2024-04-06 13:29:41,559 [INFO] IPUIPlugin:80 - create IPUIPlugin
2024-04-06 13:29:41,559 [INFO] PluginManager:220 - loadIPPluginJar : add tracer_emb
2024-04-06 13:29:41,606 [INFO] IPUIPlugin:80 - create IPUIPlugin
2024-04-06 13:29:41,606 [INFO] PluginManager:220 - loadIPPluginJar : add ts
2024-04-06 13:29:41,651 [INFO] IPUIPlugin:80 - create IPUIPlugin
2024-04-06 13:29:41,651 [INFO] PluginManager:220 - loadIPPluginJar : add tsc
2024-04-06 13:29:41,696 [INFO] IPUIPlugin:80 - create IPUIPlugin
2024-04-06 13:29:41,696 [INFO] PluginManager:220 - loadIPPluginJar : add ucpd
2024-04-06 13:29:41,786 [INFO] IPUIPlugin:80 - create IPUIPlugin
2024-04-06 13:29:41,786 [INFO] PluginManager:220 - loadIPPluginJar : add usart
2024-04-06 13:29:41,869 [INFO] IPUIPlugin:80 - create IPUIPlugin
2024-04-06 13:29:41,869 [INFO] PluginManager:220 - loadIPPluginJar : add usbx
2024-04-06 13:29:42,084 [INFO] CADModel:165 - CPN selected for project level
2024-04-06 13:29:42,085 [INFO] CADModel:114 - Register for checkConnection events
2024-04-06 13:29:42,085 [FATAL] Updater:308 - Updater called before beeing initialized
2024-04-06 13:29:42,085 [ERROR] CADModel:125 - Updater not yet initialized, retry later 
2024-04-06 13:29:42,421 [INFO] CADModel:165 - CPN selected for project level
2024-04-06 13:29:42,421 [INFO] CADModel:114 - Register for checkConnection events
2024-04-06 13:29:42,422 [FATAL] Updater:308 - Updater called before beeing initialized
2024-04-06 13:29:42,422 [ERROR] CADModel:125 - Updater not yet initialized, retry later 
2024-04-06 13:29:42,427 [FATAL] Updater:308 - Updater called before beeing initialized
2024-04-06 13:29:42,657 [FATAL] Updater:308 - Updater called before beeing initialized
2024-04-06 13:29:42,676 [INFO] DbMcusAds:53 - JSON generation date=Wed Nov 29 17:52:27 ICT 2023 (1701255147349)
2024-04-06 13:29:42,676 [FATAL] Updater:308 - Updater called before beeing initialized
2024-04-06 13:29:42,820 [WARN] DetailPanel:346 - Failed to get advertising image, set to default
2024-04-06 13:29:42,853 [INFO] ThirdPartyUpdaterWithRetryManager:70 - Updater plugin not ready yet. [3/15]
2024-04-06 13:29:43,002 [FATAL] Updater:308 - Updater called before beeing initialized
2024-04-06 13:29:43,006 [FATAL] Updater:308 - Updater called before beeing initialized
2024-04-06 13:29:43,006 [FATAL] Updater:308 - Updater called before beeing initialized
2024-04-06 13:29:43,006 [WARN] DetailPanel:346 - Failed to get advertising image, set to default
2024-04-06 13:29:43,007 [FATAL] Updater:308 - Updater called before beeing initialized
2024-04-06 13:29:43,153 [ERROR] Updater:1120 - MainUpdater not yet initialized. External WinMGr cannot be set.
2024-04-06 13:29:43,171 [INFO] Updater:1056 - Updater Version found : 6.11.0
2024-04-06 13:29:43,203 [INFO] ApplicationProperties:184 - Using Application install path: C:\ST\STM32CubeIDE_1.14.1\STM32CubeIDE\plugins\com.st.stm32cube.common.mx_6.11.0.202403141607
2024-04-06 13:29:44,799 [ERROR] LogOutputStream:75 - [STDERR_REDIRECT] Apr 06, 2024 1:29:44 PM java.util.prefs.WindowsPreferences <init>
2024-04-06 13:29:44,803 [ERROR] LogOutputStream:75 - [STDERR_REDIRECT] WARNING: Could not open/create prefs root node Software\JavaSoft\Prefs at root 0xffffffff80000002. Windows RegCreateKeyEx(...) returned error code 5.
2024-04-06 13:29:44,803 [ERROR] LogOutputStream:75 - [STDERR_REDIRECT] 
2024-04-06 13:29:45,854 [FATAL] Updater:308 - Updater called before beeing initialized
2024-04-06 13:29:45,854 [ERROR] IntegrityCheckThread:130 - Cannot retrieve database content from updater: error 21
2024-04-06 13:29:45,855 [INFO] ThirdParty:978 - Integrity check success = false
2024-04-06 13:29:45,855 [INFO] IntegrityCheckThread:100 - exiting critical section [integrity check]
2024-04-06 13:29:45,855 [INFO] IntegrityCheckThread:103 - End integrity checks thread
2024-04-06 13:29:46,402 [INFO] MainUpdater:2873 - connection check result : 10
2024-04-06 13:29:46,403 [INFO] MainUpdater:290 - Updater Check For Update Now.
2024-04-06 13:29:46,403 [INFO] MicroXplorer:498 - Change Database Version : DB.6.0.110
2024-04-06 13:29:46,437 [INFO] McuFinderGlobals:63 - Set McuFinder mode to 2 (CubeIDE integrated)
2024-04-06 13:29:46,438 [INFO] UserAuth:179 - activating auth plugin
2024-04-06 13:29:46,446 [INFO] UserAuth:415 - Internet connection configuration mode: 1
2024-04-06 13:29:46,522 [INFO] JxBrowserEngine:152 - Initiate JxBrowser Engine with user profile folder
2024-04-06 13:29:46,764 [INFO] CheckServerUpdateThread:120 - End of CheckServer Thread
2024-04-06 13:30:00,848 [INFO] WebApp:161 - Instantiating new browser for Auth
2024-04-06 13:30:02,480 [INFO] WebApp:779 - Register for checkConnection events
2024-04-06 13:30:02,481 [INFO] WebApp:414 - Apply proxy settings
2024-04-06 13:30:02,481 [INFO] WebApp:499 - Chromium requires no authentication
2024-04-06 13:30:02,515 [INFO] WebApp:442 - Direct internet connection detected
2024-04-06 13:30:03,208 [INFO] WebApp:192 - Starting web application
2024-04-06 13:30:03,208 [INFO] WebApp:544 - Web application path used C:\ST\STM32CubeIDE_1.14.1\STM32CubeIDE\plugins\com.st.stm32cube.common.mx_6.11.0.202403141607\db\plugins\mcufinder\reactClient1\index.html
2024-04-06 13:55:56,176 [ERROR] LogOutputStream:75 - [STDERR_REDIRECT] 
2024-04-06 13:55:56,179 [ERROR] LogOutputStream:75 - [STDERR_REDIRECT] 
2024-04-06 20:40:33,456 [INFO] Activator:176 - 


2024-04-06 20:40:33,459 [INFO] Activator:177 - !SESSION log4j initialized
2024-04-06 20:40:42,437 [INFO] LogOutputStream:77 - [STDOUT_REDIRECT] 
2024-04-06 20:40:45,941 [INFO] ApplicationProperties:184 - Using Application install path: C:\ST\STM32CubeIDE_1.14.1\STM32CubeIDE\plugins\com.st.stm32cube.common.mx_6.11.0.202403141607
2024-04-06 20:40:46,030 [INFO] DbMcusXml:78 - Set database path to: C:\ST\STM32CubeIDE_1.14.1\STM32CubeIDE\plugins\com.st.stm32cube.common.mx_6.11.0.202403141607\\db\/mcu/
2024-04-06 20:40:46,031 [INFO] ApiDb:274 - Set plugin database path to: C:\ST\STM32CubeIDE_1.14.1\STM32CubeIDE\plugins\com.st.stm32cube.common.mx_6.11.0.202403141607\\db\/plugins/boardmanager/
2024-04-06 20:40:46,031 [WARN] ApiDb:259 - Overriding images path with different value:  => C:\ST\STM32CubeIDE_1.14.1\STM32CubeIDE\plugins\com.st.stm32cube.common.mx_6.11.0.202403141607\\db\/plugins/mcufinder/images/
2024-04-06 20:40:46,054 [INFO] ApiDb:250 - Set database path to: C:\Users\BXT\.stmcufinder\plugins\mcufinder//mcu/
2024-04-06 20:40:46,062 [INFO] DbMcusAds:125 - Set database path to: C:\Users\BXT\.stmcufinder\plugins\mcufinder//mcu/
2024-04-06 20:40:47,043 [INFO] CrossReferenceDbSqlite:203 - Set database path to: C:\Users\BXT\.stmcufinder\plugins\mcufinder//mcu/cs/
2024-04-06 20:40:47,298 [INFO] RulesReader:64 - Compatibility file has been processed (297 Rules)
2024-04-06 20:40:47,464 [INFO] DbMcusXml:78 - Set database path to: C:\ST\STM32CubeIDE_1.14.1\STM32CubeIDE\plugins\com.st.stm32cube.common.mx_6.11.0.202403141607\\db\/mcu/
2024-04-06 20:40:47,464 [INFO] ApiDb:274 - Set plugin database path to: C:\ST\STM32CubeIDE_1.14.1\STM32CubeIDE\plugins\com.st.stm32cube.common.mx_6.11.0.202403141607\\db\/plugins/boardmanager/
2024-04-06 20:40:47,464 [INFO] ApiDb:261 - Set plugin images path to: C:\ST\STM32CubeIDE_1.14.1\STM32CubeIDE\plugins\com.st.stm32cube.common.mx_6.11.0.202403141607\\db\/plugins/mcufinder/images/
2024-04-06 20:40:47,465 [WARN] DbFile:41 - Overriding database path with different value: C:\Users\BXT\.stmcufinder\plugins\mcufinder/ => C:\Users\BXT\.stmcufinder\plugins\mcufinder
2024-04-06 20:40:47,465 [INFO] ApiDb:250 - Set database path to: C:\Users\BXT\.stmcufinder\plugins\mcufinder//mcu/
2024-04-06 20:40:47,465 [WARN] DbFile:41 - Overriding database path with different value: C:\Users\BXT\.stmcufinder\plugins\mcufinder/ => C:\Users\BXT\.stmcufinder\plugins\mcufinder
2024-04-06 20:40:47,465 [INFO] DbMcusAds:125 - Set database path to: C:\Users\BXT\.stmcufinder\plugins\mcufinder//mcu/
2024-04-06 20:40:47,465 [WARN] DbFile:41 - Overriding database path with different value: C:\Users\BXT\.stmcufinder\plugins\mcufinder/ => C:\Users\BXT\.stmcufinder\plugins\mcufinder
2024-04-06 20:40:47,465 [WARN] DbFile:41 - Overriding database path with different value: C:\Users\BXT\.stmcufinder\plugins\mcufinder/ => C:\Users\BXT\.stmcufinder\plugins\mcufinder
2024-04-06 20:40:48,049 [INFO] CrossReferenceDbSqlite:203 - Set database path to: C:\Users\BXT\.stmcufinder\plugins\mcufinder//mcu/cs/
2024-04-06 20:40:48,219 [INFO] MainPanel:264 - HeapMemory: 268435456
2024-04-06 20:40:48,419 [INFO] DbMcusXml:78 - Set database path to: C:\ST\STM32CubeIDE_1.14.1\STM32CubeIDE\plugins\com.st.stm32cube.common.mx_6.11.0.202403141607\\db\/mcu/
2024-04-06 20:40:48,420 [INFO] ApiDb:274 - Set plugin database path to: C:\ST\STM32CubeIDE_1.14.1\STM32CubeIDE\plugins\com.st.stm32cube.common.mx_6.11.0.202403141607\\db\/plugins/boardmanager/
2024-04-06 20:40:48,420 [INFO] ApiDb:261 - Set plugin images path to: C:\ST\STM32CubeIDE_1.14.1\STM32CubeIDE\plugins\com.st.stm32cube.common.mx_6.11.0.202403141607\\db\/plugins/mcufinder/images/
2024-04-06 20:40:48,421 [WARN] DbFile:41 - Overriding database path with different value: C:\Users\BXT\.stmcufinder\plugins\mcufinder/ => C:\Users\BXT\.stmcufinder\plugins\mcufinder
2024-04-06 20:40:48,421 [INFO] ApiDb:250 - Set database path to: C:\Users\BXT\.stmcufinder\plugins\mcufinder//mcu/
2024-04-06 20:40:48,421 [WARN] DbFile:41 - Overriding database path with different value: C:\Users\BXT\.stmcufinder\plugins\mcufinder/ => C:\Users\BXT\.stmcufinder\plugins\mcufinder
2024-04-06 20:40:48,421 [INFO] DbMcusAds:125 - Set database path to: C:\Users\BXT\.stmcufinder\plugins\mcufinder//mcu/
2024-04-06 20:40:48,422 [WARN] DbFile:41 - Overriding database path with different value: C:\Users\BXT\.stmcufinder\plugins\mcufinder/ => C:\Users\BXT\.stmcufinder\plugins\mcufinder
2024-04-06 20:40:48,422 [WARN] DbFile:41 - Overriding database path with different value: C:\Users\BXT\.stmcufinder\plugins\mcufinder/ => C:\Users\BXT\.stmcufinder\plugins\mcufinder
2024-04-06 20:40:49,045 [INFO] CrossReferenceDbSqlite:203 - Set database path to: C:\Users\BXT\.stmcufinder\plugins\mcufinder//mcu/cs/
2024-04-06 20:40:49,081 [INFO] ApplicationProperties:184 - Using Application install path: C:\ST\STM32CubeIDE_1.14.1\STM32CubeIDE\plugins\com.st.stm32cube.common.mx_6.11.0.202403141607
2024-04-06 20:40:49,084 [INFO] PluginManage:196 - Search for loadable plugins [exclusion list=, ]
2024-04-06 20:40:49,087 [INFO] PluginManage:310 - Check plugin analytics
2024-04-06 20:40:50,204 [INFO] AnalyticsPlugin:253 - Accepted Software Licenses: 
2024-04-06 20:40:50,204 [INFO] AnalyticsPlugin:255 - Accepted CMSIS Pack Licenses: 
2024-04-06 20:40:50,204 [INFO] AnalyticsPlugin:257 - Accepted Firmware Licenses: 
2024-04-06 20:40:50,205 [INFO] PluginManage:359 - Loaded plugin analytics (category:tool,tabindex:-1)
2024-04-06 20:40:50,206 [INFO] PluginManage:310 - Check plugin cadmodel
2024-04-06 20:40:50,218 [INFO] CADModel:105 - Init CAD model plugin
2024-04-06 20:40:50,218 [INFO] PluginManage:359 - Loaded plugin cadmodel (category:power,tabindex:5)
2024-04-06 20:40:50,218 [INFO] PluginManage:310 - Check plugin clock
2024-04-06 20:40:50,234 [INFO] PluginManage:359 - Loaded plugin clock (category:base,tabindex:2)
2024-04-06 20:40:50,235 [INFO] PluginManage:310 - Check plugin ddr
2024-04-06 20:40:50,238 [INFO] PluginManage:359 - Loaded plugin ddr (category:tool,tabindex:6)
2024-04-06 20:40:50,238 [INFO] PluginManage:310 - Check plugin filemanager
2024-04-06 20:40:50,440 [INFO] PluginManage:359 - Loaded plugin filemanager (category:base,tabindex:10)
2024-04-06 20:40:50,440 [INFO] PluginManage:310 - Check plugin ipmanager
2024-04-06 20:40:50,450 [INFO] PluginManage:359 - Loaded plugin ipmanager (category:base,tabindex:5)
2024-04-06 20:40:50,451 [INFO] PluginManage:310 - Check plugin lpbam
2024-04-06 20:40:50,461 [INFO] PluginManage:359 - Loaded plugin lpbam (category:base,tabindex:0)
2024-04-06 20:40:50,461 [INFO] PluginManage:310 - Check plugin memorymap
2024-04-06 20:40:50,484 [INFO] PluginManage:359 - Loaded plugin memorymap (category:base,tabindex:4)
2024-04-06 20:40:50,485 [INFO] PluginManage:310 - Check plugin pinoutandconfiguration
2024-04-06 20:40:50,501 [INFO] PluginManage:359 - Loaded plugin pinoutandconfiguration (category:base,tabindex:1)
2024-04-06 20:40:50,501 [INFO] PluginManage:310 - Check plugin pinoutconfig
2024-04-06 20:40:50,653 [WARN] SupportedApi:132 - Cannot load RTOS API schema: s4s-elt-must-match.1: The content of 'definitions' must match (annotation?, (simpleType | complexType)?, (unique | key | keyref)*)). A problem was found starting at: attribute.
2024-04-06 20:40:50,904 [INFO] PluginManage:359 - Loaded plugin pinoutconfig (category:base,tabindex:0)
2024-04-06 20:40:50,905 [INFO] PluginManage:310 - Check plugin power
2024-04-06 20:40:50,923 [INFO] PluginManage:359 - Loaded plugin power (category:power,tabindex:4)
2024-04-06 20:40:50,923 [INFO] PluginManage:310 - Check plugin projectmanager
2024-04-06 20:40:50,948 [INFO] PluginManage:359 - Loaded plugin projectmanager (category:projectmanager,tabindex:3)
2024-04-06 20:40:50,948 [INFO] PluginManage:310 - Check plugin thirdparty
2024-04-06 20:40:51,155 [WARN] IntegrityCheckThread:84 - waiting for thirdparty lock release [integrity check]
2024-04-06 20:40:51,156 [INFO] PluginManage:359 - Loaded plugin thirdparty (category:base,tabindex:-1)
2024-04-06 20:40:51,156 [INFO] IntegrityCheckThread:86 - entering critical section [integrity check]
2024-04-06 20:40:51,156 [INFO] PluginManage:310 - Check plugin tools
2024-04-06 20:40:51,156 [INFO] ThirdPartyUpdaterWithRetryManager:70 - Updater plugin not ready yet. [1/15]
2024-04-06 20:40:51,159 [INFO] PluginManage:359 - Loaded plugin tools (category:base,tabindex:7)
2024-04-06 20:40:51,159 [INFO] PluginManage:310 - Check plugin tutovideos
2024-04-06 20:40:51,476 [INFO] PluginManage:359 - Loaded plugin tutovideos (category:base,tabindex:-1)
2024-04-06 20:40:51,476 [INFO] PluginManage:310 - Check plugin updater
2024-04-06 20:40:51,493 [INFO] PluginManage:359 - Loaded plugin updater (category:base,tabindex:12)
2024-04-06 20:40:51,493 [INFO] PluginManage:310 - Check plugin userauth
2024-04-06 20:40:51,500 [INFO] UserAuth:114 - Init User Auth plugin
2024-04-06 20:40:51,500 [INFO] PluginManage:359 - Loaded plugin userauth (category:base,tabindex:14)
2024-04-06 20:40:51,501 [INFO] PluginManage:283 - PluginManage : Loaded plugins [17]
2024-04-06 20:40:51,827 [INFO] PinOutPanel:1561 - setPackage(No Configuration,No Configuration)
2024-04-06 20:40:51,930 [INFO] CADModel:165 - CPN selected for project level
2024-04-06 20:40:51,930 [INFO] CADModel:114 - Register for checkConnection events
2024-04-06 20:40:51,951 [INFO] IPUIPlugin:80 - create IPUIPlugin
2024-04-06 20:40:51,951 [INFO] PluginManager:220 - loadIPPluginJar : add adc
2024-04-06 20:40:51,954 [INFO] IPUIPlugin:80 - create IPUIPlugin
2024-04-06 20:40:51,954 [INFO] PluginManager:220 - loadIPPluginJar : add aes
2024-04-06 20:40:51,958 [INFO] IPUIPlugin:80 - create IPUIPlugin
2024-04-06 20:40:51,958 [INFO] PluginManager:220 - loadIPPluginJar : add can
2024-04-06 20:40:51,960 [INFO] IPUIPlugin:80 - create IPUIPlugin
2024-04-06 20:40:51,961 [INFO] PluginManager:220 - loadIPPluginJar : add comp
2024-04-06 20:40:51,964 [INFO] IPUIPlugin:80 - create IPUIPlugin
2024-04-06 20:40:51,964 [INFO] PluginManager:220 - loadIPPluginJar : add cryp
2024-04-06 20:40:51,968 [INFO] IPUIPlugin:80 - create IPUIPlugin
2024-04-06 20:40:51,968 [INFO] PluginManager:220 - loadIPPluginJar : add dfsdm
2024-04-06 20:40:51,974 [INFO] IPUIPlugin:80 - create IPUIPlugin
2024-04-06 20:40:51,974 [INFO] PluginManager:220 - loadIPPluginJar : add dma
2024-04-06 20:40:51,977 [INFO] IPUIPlugin:80 - create IPUIPlugin
2024-04-06 20:40:51,978 [INFO] PluginManager:220 - loadIPPluginJar : add dma3
2024-04-06 20:40:51,981 [INFO] IPUIPlugin:80 - create IPUIPlugin
2024-04-06 20:40:51,981 [INFO] PluginManager:220 - loadIPPluginJar : add extmemmanager
2024-04-06 20:40:51,983 [INFO] IPUIPlugin:80 - create IPUIPlugin
2024-04-06 20:40:51,983 [INFO] PluginManager:220 - loadIPPluginJar : add fatfs
2024-04-06 20:40:51,987 [INFO] IPUIPlugin:80 - create IPUIPlugin
2024-04-06 20:40:51,987 [INFO] PluginManager:220 - loadIPPluginJar : add fmc
2024-04-06 20:40:51,994 [INFO] IPUIPlugin:80 - create IPUIPlugin
2024-04-06 20:40:51,994 [INFO] PluginManager:220 - loadIPPluginJar : add freertos
2024-04-06 20:40:51,997 [INFO] IPUIPlugin:80 - create IPUIPlugin
2024-04-06 20:40:51,997 [INFO] PluginManager:220 - loadIPPluginJar : add genericplugin
2024-04-06 20:40:52,001 [INFO] IPUIPlugin:80 - create IPUIPlugin
2024-04-06 20:40:52,001 [INFO] PluginManager:220 - loadIPPluginJar : add gfxmmu
2024-04-06 20:40:52,007 [INFO] IPUIPlugin:80 - create IPUIPlugin
2024-04-06 20:40:52,007 [INFO] PluginManager:220 - loadIPPluginJar : add gic
2024-04-06 20:40:52,014 [INFO] IPUIPlugin:80 - create IPUIPlugin
2024-04-06 20:40:52,014 [INFO] PluginManager:220 - loadIPPluginJar : add gpio
2024-04-06 20:40:52,019 [INFO] IPUIPlugin:80 - create IPUIPlugin
2024-04-06 20:40:52,019 [INFO] PluginManager:220 - loadIPPluginJar : add gtzc
2024-04-06 20:40:52,023 [INFO] IPUIPlugin:80 - create IPUIPlugin
2024-04-06 20:40:52,023 [INFO] PluginManager:220 - loadIPPluginJar : add hash
2024-04-06 20:40:52,028 [INFO] IPUIPlugin:80 - create IPUIPlugin
2024-04-06 20:40:52,028 [INFO] PluginManager:220 - loadIPPluginJar : add i2c
2024-04-06 20:40:52,032 [INFO] IPUIPlugin:80 - create IPUIPlugin
2024-04-06 20:40:52,032 [INFO] PluginManager:220 - loadIPPluginJar : add i2s
2024-04-06 20:40:52,036 [INFO] IPUIPlugin:80 - create IPUIPlugin
2024-04-06 20:40:52,036 [INFO] PluginManager:220 - loadIPPluginJar : add i3c
2024-04-06 20:40:52,042 [INFO] IPUIPlugin:80 - create IPUIPlugin
2024-04-06 20:40:52,042 [INFO] PluginManager:220 - loadIPPluginJar : add ipddr
2024-04-06 20:40:52,053 [INFO] IPUIPlugin:80 - create IPUIPlugin
2024-04-06 20:40:52,054 [INFO] PluginManager:220 - loadIPPluginJar : add linkedlist
2024-04-06 20:40:52,058 [INFO] IPUIPlugin:80 - create IPUIPlugin
2024-04-06 20:40:52,058 [INFO] PluginManager:220 - loadIPPluginJar : add lorawan
2024-04-06 20:40:52,062 [INFO] IPUIPlugin:80 - create IPUIPlugin
2024-04-06 20:40:52,063 [INFO] PluginManager:220 - loadIPPluginJar : add ltdc
2024-04-06 20:40:52,076 [INFO] IPUIPlugin:80 - create IPUIPlugin
2024-04-06 20:40:52,077 [INFO] PluginManager:220 - loadIPPluginJar : add mdma
2024-04-06 20:40:52,084 [INFO] IPUIPlugin:80 - create IPUIPlugin
2024-04-06 20:40:52,084 [INFO] PluginManager:220 - loadIPPluginJar : add nvic
2024-04-06 20:40:52,088 [INFO] IPUIPlugin:80 - create IPUIPlugin
2024-04-06 20:40:52,089 [INFO] PluginManager:220 - loadIPPluginJar : add opamp
2024-04-06 20:40:52,093 [INFO] IPUIPlugin:80 - create IPUIPlugin
2024-04-06 20:40:52,093 [INFO] PluginManager:220 - loadIPPluginJar : add openamp
2024-04-06 20:40:52,098 [INFO] IPUIPlugin:80 - create IPUIPlugin
2024-04-06 20:40:52,099 [INFO] PluginManager:220 - loadIPPluginJar : add pdm2pcm
2024-04-06 20:40:52,106 [INFO] IPUIPlugin:80 - create IPUIPlugin
2024-04-06 20:40:52,110 [INFO] PluginManager:220 - loadIPPluginJar : add plateformsettings
2024-04-06 20:40:52,112 [INFO] IPUIPlugin:80 - create IPUIPlugin
2024-04-06 20:40:52,112 [INFO] PluginManager:220 - loadIPPluginJar : add quadspi
2024-04-06 20:40:52,119 [INFO] IPUIPlugin:80 - create IPUIPlugin
2024-04-06 20:40:52,119 [INFO] PluginManager:220 - loadIPPluginJar : add resmgrutility
2024-04-06 20:40:52,124 [INFO] IPUIPlugin:80 - create IPUIPlugin
2024-04-06 20:40:52,124 [INFO] PluginManager:220 - loadIPPluginJar : add sai
2024-04-06 20:40:52,129 [INFO] IPUIPlugin:80 - create IPUIPlugin
2024-04-06 20:40:52,130 [INFO] PluginManager:220 - loadIPPluginJar : add spi
2024-04-06 20:40:52,141 [INFO] IPUIPlugin:80 - create IPUIPlugin
2024-04-06 20:40:52,141 [INFO] PluginManager:220 - loadIPPluginJar : add stm32_wpan
2024-04-06 20:40:52,144 [INFO] IPUIPlugin:80 - create IPUIPlugin
2024-04-06 20:40:52,144 [INFO] PluginManager:220 - loadIPPluginJar : add tim
2024-04-06 20:40:52,149 [INFO] IPUIPlugin:80 - create IPUIPlugin
2024-04-06 20:40:52,150 [INFO] PluginManager:220 - loadIPPluginJar : add touchsensing
2024-04-06 20:40:52,153 [INFO] IPUIPlugin:80 - create IPUIPlugin
2024-04-06 20:40:52,153 [INFO] PluginManager:220 - loadIPPluginJar : add tracer_emb
2024-04-06 20:40:52,156 [INFO] IPUIPlugin:80 - create IPUIPlugin
2024-04-06 20:40:52,156 [INFO] PluginManager:220 - loadIPPluginJar : add ts
2024-04-06 20:40:52,159 [INFO] IPUIPlugin:80 - create IPUIPlugin
2024-04-06 20:40:52,159 [INFO] PluginManager:220 - loadIPPluginJar : add tsc
2024-04-06 20:40:52,163 [INFO] IPUIPlugin:80 - create IPUIPlugin
2024-04-06 20:40:52,163 [INFO] PluginManager:220 - loadIPPluginJar : add ucpd
2024-04-06 20:40:52,168 [INFO] IPUIPlugin:80 - create IPUIPlugin
2024-04-06 20:40:52,169 [INFO] PluginManager:220 - loadIPPluginJar : add usart
2024-04-06 20:40:52,175 [INFO] IPUIPlugin:80 - create IPUIPlugin
2024-04-06 20:40:52,175 [INFO] PluginManager:220 - loadIPPluginJar : add usbx
2024-04-06 20:40:52,353 [INFO] CADModel:165 - CPN selected for project level
2024-04-06 20:40:52,353 [INFO] CADModel:114 - Register for checkConnection events
2024-04-06 20:40:52,354 [FATAL] Updater:308 - Updater called before beeing initialized
2024-04-06 20:40:52,354 [ERROR] CADModel:125 - Updater not yet initialized, retry later 
2024-04-06 20:40:52,551 [INFO] CADModel:165 - CPN selected for project level
2024-04-06 20:40:52,551 [INFO] CADModel:114 - Register for checkConnection events
2024-04-06 20:40:52,551 [FATAL] Updater:308 - Updater called before beeing initialized
2024-04-06 20:40:52,551 [ERROR] CADModel:125 - Updater not yet initialized, retry later 
2024-04-06 20:40:52,555 [FATAL] Updater:308 - Updater called before beeing initialized
2024-04-06 20:40:52,708 [FATAL] Updater:308 - Updater called before beeing initialized
2024-04-06 20:40:52,717 [INFO] DbMcusAds:53 - JSON generation date=Wed Nov 29 17:52:27 ICT 2023 (1701255147349)
2024-04-06 20:40:52,717 [FATAL] Updater:308 - Updater called before beeing initialized
2024-04-06 20:40:52,778 [WARN] DetailPanel:346 - Failed to get advertising image, set to default
2024-04-06 20:40:52,924 [FATAL] Updater:308 - Updater called before beeing initialized
2024-04-06 20:40:52,929 [FATAL] Updater:308 - Updater called before beeing initialized
2024-04-06 20:40:52,929 [FATAL] Updater:308 - Updater called before beeing initialized
2024-04-06 20:40:52,929 [WARN] DetailPanel:346 - Failed to get advertising image, set to default
2024-04-06 20:40:52,931 [FATAL] Updater:308 - Updater called before beeing initialized
2024-04-06 20:40:53,020 [ERROR] Updater:1120 - MainUpdater not yet initialized. External WinMGr cannot be set.
2024-04-06 20:40:53,023 [INFO] Updater:1056 - Updater Version found : 6.11.0
2024-04-06 20:40:53,056 [INFO] ApplicationProperties:184 - Using Application install path: C:\ST\STM32CubeIDE_1.14.1\STM32CubeIDE\plugins\com.st.stm32cube.common.mx_6.11.0.202403141607
2024-04-06 20:40:54,157 [INFO] ThirdPartyUpdaterWithRetryManager:70 - Updater plugin not ready yet. [2/15]
2024-04-06 20:40:54,644 [ERROR] LogOutputStream:75 - [STDERR_REDIRECT] Apr 06, 2024 8:40:54 PM java.util.prefs.WindowsPreferences <init>
2024-04-06 20:40:54,647 [ERROR] LogOutputStream:75 - [STDERR_REDIRECT] WARNING: Could not open/create prefs root node Software\JavaSoft\Prefs at root 0xffffffff80000002. Windows RegCreateKeyEx(...) returned error code 5.
2024-04-06 20:40:54,647 [ERROR] LogOutputStream:75 - [STDERR_REDIRECT] 
2024-04-06 20:40:55,271 [INFO] MainUpdater:2873 - connection check result : 10
2024-04-06 20:40:55,272 [INFO] MainUpdater:290 - Updater Check For Update Now.
2024-04-06 20:40:55,272 [INFO] MicroXplorer:498 - Change Database Version : DB.6.0.110
2024-04-06 20:40:55,285 [INFO] McuFinderGlobals:63 - Set McuFinder mode to 2 (CubeIDE integrated)
2024-04-06 20:40:55,286 [INFO] UserAuth:179 - activating auth plugin
2024-04-06 20:40:55,290 [INFO] UserAuth:415 - Internet connection configuration mode: 1
2024-04-06 20:40:55,327 [INFO] JxBrowserEngine:152 - Initiate JxBrowser Engine with user profile folder
2024-04-06 20:40:55,516 [INFO] CheckServerUpdateThread:120 - End of CheckServer Thread
2024-04-06 20:40:57,507 [INFO] WebApp:161 - Instantiating new browser for Auth
2024-04-06 20:40:57,543 [WARN] PackLoader:240 - Cannot read IP mode file for STMicroelectronics.X-CUBE-SMBUS.2.1.0
2024-04-06 20:40:57,612 [WARN] PackLoader:240 - Cannot read IP mode file for STMicroelectronics.X-CUBE-TOUCHGFX.4.23.0
2024-04-06 20:40:57,631 [WARN] PackLoader:240 - Cannot read IP mode file for STMicroelectronics.X-CUBE-TOUCHGFX.4.23.2
2024-04-06 20:40:57,714 [WARN] PackLoader:240 - Cannot read IP mode file for STMicroelectronics.X-CUBE-AZRTOS-F7.1.1.0
2024-04-06 20:40:57,761 [WARN] PackLoader:240 - Cannot read IP mode file for STMicroelectronics.FP-SNS-MOTENV1.4.3.2
2024-04-06 20:40:57,796 [WARN] PackLoader:240 - Cannot read IP mode file for STMicroelectronics.FP-SNS-FLIGHT1.5.0.2
2024-04-06 20:40:57,832 [WARN] PackLoader:240 - Cannot read IP mode file for STMicroelectronics.X-CUBE-DISPLAY.3.0.0
2024-04-06 20:40:57,867 [WARN] PackLoader:240 - Cannot read IP mode file for STMicroelectronics.X-CUBE-BLE1.7.0.0
2024-04-06 20:40:57,889 [WARN] PackLoader:240 - Cannot read IP mode file for emotas.I-CUBE-CANOPEN.1.3.0
2024-04-06 20:40:57,920 [WARN] PackLoader:240 - Cannot read IP mode file for STMicroelectronics.X-CUBE-BLEMGR.3.1.0
2024-04-06 20:40:57,948 [WARN] PackLoader:240 - Cannot read IP mode file for STMicroelectronics.FP-SNS-SMARTAG2.1.2.0
2024-04-06 20:40:57,979 [INFO] LogOutputStream:77 - [STDOUT_REDIRECT] 1 : Invalid condition id : UX_CORESTACK_Condition cause : null
2024-04-06 20:40:57,980 [INFO] LogOutputStream:77 - [STDOUT_REDIRECT] 1 : Invalid condition id : UX_CORESTACK_Condition cause : null
2024-04-06 20:40:57,983 [INFO] LogOutputStream:77 - [STDOUT_REDIRECT] 1 : Invalid condition id : UX_CORESTACK_Condition cause : null
2024-04-06 20:40:57,985 [INFO] LogOutputStream:77 - [STDOUT_REDIRECT] 1 : Invalid condition id : UX_CORESTACK_Condition cause : null
2024-04-06 20:40:57,987 [INFO] LogOutputStream:77 - [STDOUT_REDIRECT] 1 : Invalid condition id : UX_CORESTACK_Condition cause : null
2024-04-06 20:40:57,992 [WARN] PackLoader:240 - Cannot read IP mode file for STMicroelectronics.X-CUBE-AZRTOS-WL.2.0.0
2024-04-06 20:40:58,012 [WARN] PackLoader:240 - Cannot read IP mode file for STMicroelectronics.FP-SNS-MOTENV1.5.0.0
2024-04-06 20:40:58,041 [WARN] PackLoader:240 - Cannot read IP mode file for WES.I-CUBE-Cesium.1.3.0
2024-04-06 20:40:58,056 [WARN] PackLoader:240 - Cannot read IP mode file for STMicroelectronics.X-CUBE-BLE2.3.3.0
2024-04-06 20:40:58,073 [WARN] PackLoader:240 - Cannot read IP mode file for STMicroelectronics.X-CUBE-ALGOBUILD.1.3.0
2024-04-06 20:40:58,111 [WARN] PackLoader:240 - Cannot read IP mode file for STMicroelectronics.X-CUBE-AZRTOS-G0.1.1.0
2024-04-06 20:40:58,137 [WARN] PackLoader:240 - Cannot read IP mode file for STMicroelectronics.X-CUBE-SAFEA1.1.2.2
2024-04-06 20:40:58,156 [WARN] PackLoader:240 - Cannot read IP mode file for STMicroelectronics.X-CUBE-NFC4.3.0.0
2024-04-06 20:40:58,181 [WARN] PackLoader:240 - Cannot read IP mode file for STMicroelectronics.X-CUBE-BLEMGR.3.0.0
2024-04-06 20:40:58,211 [WARN] PackLoader:240 - Cannot read IP mode file for STMicroelectronics.FP-ATR-SIGFOX1.3.2.0
2024-04-06 20:40:58,233 [WARN] PackLoader:240 - Cannot read IP mode file for STMicroelectronics.X-CUBE-EEPRMA1.5.1.0
2024-04-06 20:40:58,295 [WARN] PackLoader:240 - Cannot read IP mode file for SEGGER.I-CUBE-embOS.1.3.1
2024-04-06 20:40:58,365 [WARN] PackLoader:240 - Cannot read IP mode file for STMicroelectronics.X-CUBE-GNSS1.6.0.0
2024-04-06 20:40:58,408 [WARN] PackLoader:240 - Cannot read IP mode file for STMicroelectronics.X-CUBE-AZRTOS-F4.1.1.0
2024-04-06 20:40:58,433 [WARN] PackLoader:240 - Cannot read IP mode file for wolfSSL.I-CUBE-wolfSSL.5.6.6
2024-04-06 20:40:58,478 [WARN] PackLoader:240 - Cannot read IP mode file for STMicroelectronics.X-CUBE-AZRTOS-L5.2.0.0
2024-04-06 20:40:58,505 [WARN] PackLoader:240 - Cannot read IP mode file for STMicroelectronics.X-CUBE-NFC6.3.1.0
2024-04-06 20:40:58,531 [WARN] PackLoader:240 - Cannot read IP mode file for ITTIA_DB.I-CUBE-ITTIADB.8.8.0
2024-04-06 20:40:58,558 [WARN] PackLoader:240 - Cannot read IP mode file for STMicroelectronics.X-CUBE-NFC7.1.0.1
2024-04-06 20:40:58,580 [WARN] PackLoader:240 - Cannot read IP mode file for STMicroelectronics.X-CUBE-NFC6.3.0.0
2024-04-06 20:40:58,599 [WARN] PackLoader:240 - Cannot read IP mode file for STMicroelectronics.X-CUBE-AI.8.1.0
2024-04-06 20:40:58,640 [WARN] ConditionMgr:438 - getConditionDescription Invalid condition id : LAN8742 Phy interface Condition cause : null
2024-04-06 20:40:58,640 [WARN] PackLoader:240 - Cannot read IP mode file for STMicroelectronics.X-CUBE-AZRTOS-L4.2.0.0
2024-04-06 20:40:58,642 [WARN] ConditionMgr:1039 - genDependencies : Invalid condition id : LAN8742 Phy interface Condition cause : null
2024-04-06 20:40:58,643 [WARN] ConditionMgr:1039 - genDependencies : Invalid condition id : LAN8742 Phy interface Condition cause : null
2024-04-06 20:40:58,644 [WARN] ConditionMgr:1039 - genDependencies : Invalid condition id : LAN8742 Phy interface Condition cause : null
2024-04-06 20:40:58,663 [WARN] PackLoader:240 - Cannot read IP mode file for STMicroelectronics.X-CUBE-SFXS2LP1.4.0.0
2024-04-06 20:40:58,707 [WARN] ConditionMgr:438 - getConditionDescription Invalid condition id : UX DEVICE CLASS RTOS Condition cause : null
2024-04-06 20:40:58,707 [WARN] ConditionMgr:438 - getConditionDescription Invalid condition id : UX DEVICE CLASS RTOS Condition cause : null
2024-04-06 20:40:58,710 [WARN] PackLoader:240 - Cannot read IP mode file for STMicroelectronics.X-CUBE-AZRTOS-WB.2.0.0
2024-04-06 20:40:58,711 [WARN] ConditionMgr:1039 - genDependencies : Invalid condition id : UX DEVICE CLASS RTOS Condition cause : null
2024-04-06 20:40:58,711 [WARN] ConditionMgr:1039 - genDependencies : Invalid condition id : UX DEVICE CLASS RTOS Condition cause : null
2024-04-06 20:40:58,711 [WARN] ConditionMgr:1039 - genDependencies : Invalid condition id : UX DEVICE CLASS RTOS Condition cause : null
2024-04-06 20:40:58,712 [WARN] ConditionMgr:1039 - genDependencies : Invalid condition id : UX DEVICE CLASS RTOS Condition cause : null
2024-04-06 20:40:58,712 [WARN] ConditionMgr:1039 - genDependencies : Invalid condition id : UX DEVICE CLASS RTOS Condition cause : null
2024-04-06 20:40:58,737 [WARN] PackLoader:240 - Cannot read IP mode file for STMicroelectronics.X-CUBE-SUBG2.5.0.0
2024-04-06 20:40:58,777 [WARN] PackLoader:240 - Cannot read IP mode file for STMicroelectronics.X-CUBE-AZRTOS-G4.2.0.0
2024-04-06 20:40:58,809 [WARN] PackLoader:240 - Cannot read IP mode file for Infineon.AIROC-Wi-Fi-Bluetooth-STM32.1.5.1
2024-04-06 20:40:58,835 [WARN] PackLoader:240 - Cannot read IP mode file for STMicroelectronics.FP-SNS-MOTENVWB1.1.3.1
2024-04-06 20:40:58,853 [WARN] PackLoader:240 - Cannot read IP mode file for STMicroelectronics.X-CUBE-ISPU.2.0.0
2024-04-06 20:40:58,872 [INFO] WebApp:779 - Register for checkConnection events
2024-04-06 20:40:58,873 [INFO] WebApp:414 - Apply proxy settings
2024-04-06 20:40:58,873 [INFO] WebApp:499 - Chromium requires no authentication
2024-04-06 20:40:58,887 [INFO] WebApp:442 - Direct internet connection detected
2024-04-06 20:40:58,918 [WARN] PackLoader:240 - Cannot read IP mode file for STMicroelectronics.X-CUBE-MEMS1.10.0.0
2024-04-06 20:40:59,105 [WARN] PackLoader:240 - Cannot read IP mode file for STMicroelectronics.X-CUBE-FREERTOS.1.1.0
2024-04-06 20:40:59,124 [WARN] PackLoader:240 - Cannot read IP mode file for portGmbH.I-Cube-SoM-uGOAL.1.1.0
2024-04-06 20:40:59,141 [WARN] PackLoader:240 - Cannot read IP mode file for STMicroelectronics.X-CUBE-ALS.1.0.1
2024-04-06 20:40:59,159 [WARN] PackLoader:240 - Cannot read IP mode file for STMicroelectronics.FP-ATR-ASTRA1.2.0.0
2024-04-06 20:40:59,191 [WARN] PackLoader:240 - Cannot read IP mode file for STMicroelectronics.X-CUBE-TOF1.3.4.0
2024-04-06 20:40:59,232 [WARN] PackLoader:240 - Cannot read IP mode file for STMicroelectronics.X-CUBE-TOF1.3.4.1
2024-04-06 20:40:59,288 [WARN] PackLoader:240 - Cannot read IP mode file for STMicroelectronics.X-CUBE-AZRTOS-H7.3.2.0
2024-04-06 20:40:59,291 [INFO] ThirdParty:978 - Integrity check success = true
2024-04-06 20:40:59,292 [INFO] IntegrityCheckThread:100 - exiting critical section [integrity check]
2024-04-06 20:40:59,292 [INFO] IntegrityCheckThread:103 - End integrity checks thread
2024-04-06 20:40:59,354 [INFO] WebApp:192 - Starting web application
2024-04-06 20:40:59,355 [INFO] WebApp:544 - Web application path used C:\ST\STM32CubeIDE_1.14.1\STM32CubeIDE\plugins\com.st.stm32cube.common.mx_6.11.0.202403141607\db\plugins\mcufinder\reactClient1\index.html
2024-04-06 21:05:23,473 [ERROR] LogOutputStream:75 - [STDERR_REDIRECT] 
2024-04-06 21:05:23,474 [ERROR] LogOutputStream:75 - [STDERR_REDIRECT] 
